{"level":"info","message":"\u001b[1m\u001b[42m 数据库连接成功 \u001b[49m\u001b[22m","timestamp":"2023-09-24 21:56:58"}
{"level":"info","message":"\u001b[1m\u001b[42m API服务启动成功 \u001b[49m\u001b[22m","timestamp":"2023-09-24 21:56:58"}
{"level":"info","message":"\u001b[1m\u001b[42m 数据库连接成功 \u001b[49m\u001b[22m","timestamp":"2023-09-24 22:05:14"}
{"level":"info","message":"\u001b[1m\u001b[42m API服务启动成功 \u001b[49m\u001b[22m","timestamp":"2023-09-24 22:05:14"}
{"level":"info","message":"\u001b[1m\u001b[42m 数据库连接成功 \u001b[49m\u001b[22m","timestamp":"2023-09-24 22:13:07"}
{"level":"info","message":"\u001b[1m\u001b[42m API服务启动成功 \u001b[49m\u001b[22m","timestamp":"2023-09-24 22:13:07"}
{"level":"info","message":"\u001b[1m\u001b[42m 数据库连接成功 \u001b[49m\u001b[22m","timestamp":"2023-09-24 22:13:36"}
{"level":"info","message":"\u001b[1m\u001b[42m API服务启动成功 \u001b[49m\u001b[22m","timestamp":"2023-09-24 22:13:36"}
{"level":"info","message":"\u001b[1m\u001b[42m 数据库连接成功 \u001b[49m\u001b[22m","timestamp":"2023-09-24 22:14:34"}
{"level":"info","message":"\u001b[1m\u001b[42m API服务启动成功 \u001b[49m\u001b[22m","timestamp":"2023-09-24 22:14:34"}
{"level":"info","message":"\u001b[1m\u001b[42m 数据库连接成功 \u001b[49m\u001b[22m","timestamp":"2023-09-24 22:16:14"}
{"level":"info","message":"\u001b[1m\u001b[42m API服务启动成功 \u001b[49m\u001b[22m","timestamp":"2023-09-24 22:16:14"}
{"level":"info","message":"\u001b[1m\u001b[42m 数据库连接成功 \u001b[49m\u001b[22m","timestamp":"2023-09-24 22:19:38"}
{"level":"info","message":"\u001b[1m\u001b[42m API服务启动成功 \u001b[49m\u001b[22m","timestamp":"2023-09-24 22:19:38"}
{"level":"info","message":"\u001b[1m\u001b[42m 数据库连接成功 \u001b[49m\u001b[22m","timestamp":"2023-09-24 22:19:48"}
{"level":"info","message":"\u001b[1m\u001b[42m API服务启动成功 \u001b[49m\u001b[22m","timestamp":"2023-09-24 22:19:48"}
{"level":"info","message":"\u001b[1m\u001b[42m 数据库连接成功 \u001b[49m\u001b[22m","timestamp":"2023-09-24 22:20:51"}
{"level":"info","message":"\u001b[1m\u001b[42m API服务启动成功 \u001b[49m\u001b[22m","timestamp":"2023-09-24 22:20:51"}
{"level":"info","message":"\u001b[1m\u001b[42m 数据库连接成功 \u001b[49m\u001b[22m","timestamp":"2023-09-24 22:23:31"}
{"level":"info","message":"\u001b[1m\u001b[42m API服务启动成功 \u001b[49m\u001b[22m","timestamp":"2023-09-24 22:23:31"}
{"level":"info","message":"\u001b[1m\u001b[42m 数据库连接成功 \u001b[49m\u001b[22m","timestamp":"2023-09-24 22:25:56"}
{"level":"info","message":"\u001b[1m\u001b[42m API服务启动成功 \u001b[49m\u001b[22m","timestamp":"2023-09-24 22:25:56"}
{"level":"info","message":"\u001b[1m\u001b[42m 数据库连接成功 \u001b[49m\u001b[22m","timestamp":"2023-09-24 22:26:01"}
{"level":"info","message":"\u001b[1m\u001b[42m API服务启动成功 \u001b[49m\u001b[22m","timestamp":"2023-09-24 22:26:01"}
{"level":"info","message":"\u001b[1m\u001b[42m 数据库连接成功 \u001b[49m\u001b[22m","timestamp":"2023-09-24 22:26:07"}
{"level":"info","message":"\u001b[1m\u001b[42m API服务启动成功 \u001b[49m\u001b[22m","timestamp":"2023-09-24 22:26:07"}
{"level":"info","message":"\u001b[1m\u001b[42m 数据库连接成功 \u001b[49m\u001b[22m","timestamp":"2023-09-24 22:26:21"}
{"level":"info","message":"\u001b[1m\u001b[42m API服务启动成功 \u001b[49m\u001b[22m","timestamp":"2023-09-24 22:26:21"}
{"level":"info","message":"\u001b[1m\u001b[42m 数据库连接成功 \u001b[49m\u001b[22m","timestamp":"2023-09-24 22:27:38"}
{"level":"info","message":"\u001b[1m\u001b[42m API服务启动成功 \u001b[49m\u001b[22m","timestamp":"2023-09-24 22:27:38"}
{"level":"info","message":"\u001b[1m\u001b[42m 数据库连接成功 \u001b[49m\u001b[22m","timestamp":"2023-09-24 22:27:51"}
{"level":"info","message":"\u001b[1m\u001b[42m API服务启动成功 \u001b[49m\u001b[22m","timestamp":"2023-09-24 22:27:51"}
{"level":"info","message":"\u001b[1m\u001b[42m 数据库连接成功 \u001b[49m\u001b[22m","timestamp":"2023-09-24 22:34:59"}
{"level":"info","message":"\u001b[1m\u001b[42m API服务启动成功 \u001b[49m\u001b[22m","timestamp":"2023-09-24 22:34:59"}
{"level":"info","message":"\u001b[1m\u001b[42m 数据库连接成功 \u001b[49m\u001b[22m","timestamp":"2023-09-24 22:35:04"}
{"level":"info","message":"\u001b[1m\u001b[42m API服务启动成功 \u001b[49m\u001b[22m","timestamp":"2023-09-24 22:35:04"}
{"level":"info","message":"\u001b[1m\u001b[42m 数据库连接成功 \u001b[49m\u001b[22m","timestamp":"2023-09-24 22:36:32"}
{"level":"info","message":"\u001b[1m\u001b[42m API服务启动成功 \u001b[49m\u001b[22m","timestamp":"2023-09-24 22:36:32"}
{"level":"info","message":"\u001b[1m\u001b[42m 数据库连接成功 \u001b[49m\u001b[22m","timestamp":"2023-09-24 22:36:45"}
{"level":"info","message":"\u001b[1m\u001b[42m API服务启动成功 \u001b[49m\u001b[22m","timestamp":"2023-09-24 22:36:45"}
{"level":"info","message":"\u001b[1m\u001b[42m 数据库连接成功 \u001b[49m\u001b[22m","timestamp":"2023-09-24 22:37:41"}
{"level":"info","message":"\u001b[1m\u001b[42m API服务启动成功 \u001b[49m\u001b[22m","timestamp":"2023-09-24 22:37:41"}
{"level":"info","message":"\u001b[1m\u001b[42m 数据库连接成功 \u001b[49m\u001b[22m","timestamp":"2023-09-24 22:38:06"}
{"level":"info","message":"\u001b[1m\u001b[42m API服务启动成功 \u001b[49m\u001b[22m","timestamp":"2023-09-24 22:38:06"}
{"level":"info","message":"\u001b[1m\u001b[42m 数据库连接成功 \u001b[49m\u001b[22m","timestamp":"2023-09-24 22:38:33"}
{"level":"info","message":"\u001b[1m\u001b[42m API服务启动成功 \u001b[49m\u001b[22m","timestamp":"2023-09-24 22:38:33"}
{"level":"info","message":"\u001b[1m\u001b[42m 数据库连接成功 \u001b[49m\u001b[22m","timestamp":"2023-09-24 22:40:04"}
{"level":"info","message":"\u001b[1m\u001b[42m API服务启动成功 \u001b[49m\u001b[22m","timestamp":"2023-09-24 22:40:04"}
{"level":"info","message":"\u001b[1m\u001b[42m 数据库连接成功 \u001b[49m\u001b[22m","timestamp":"2023-09-24 22:42:22"}
{"level":"info","message":"\u001b[1m\u001b[42m API服务启动成功 \u001b[49m\u001b[22m","timestamp":"2023-09-24 22:42:22"}
{"level":"info","message":"\u001b[1m\u001b[42m 数据库连接成功 \u001b[49m\u001b[22m","timestamp":"2023-09-24 22:42:49"}
{"level":"info","message":"\u001b[1m\u001b[42m API服务启动成功 \u001b[49m\u001b[22m","timestamp":"2023-09-24 22:42:49"}
{"level":"info","message":"\u001b[1m\u001b[42m 数据库连接成功 \u001b[49m\u001b[22m","timestamp":"2023-09-24 22:43:19"}
{"level":"info","message":"\u001b[1m\u001b[42m API服务启动成功 \u001b[49m\u001b[22m","timestamp":"2023-09-24 22:43:19"}
{"level":"info","message":"\u001b[1m\u001b[42m 数据库连接成功 \u001b[49m\u001b[22m","timestamp":"2023-09-24 22:47:00"}
{"level":"info","message":"\u001b[1m\u001b[42m API服务启动成功 \u001b[49m\u001b[22m","timestamp":"2023-09-24 22:47:00"}
{"level":"info","message":"\u001b[1m\u001b[42m 数据库连接成功 \u001b[49m\u001b[22m","timestamp":"2023-09-24 22:47:08"}
{"level":"info","message":"\u001b[1m\u001b[42m API服务启动成功 \u001b[49m\u001b[22m","timestamp":"2023-09-24 22:47:08"}
{"level":"info","message":"\u001b[1m\u001b[42m 数据库连接成功 \u001b[49m\u001b[22m","timestamp":"2023-09-24 22:47:25"}
{"level":"info","message":"\u001b[1m\u001b[42m API服务启动成功 \u001b[49m\u001b[22m","timestamp":"2023-09-24 22:47:25"}
{"level":"info","message":"\u001b[1m\u001b[42m 数据库连接成功 \u001b[49m\u001b[22m","timestamp":"2023-09-24 22:49:25"}
{"level":"info","message":"\u001b[1m\u001b[42m API服务启动成功 \u001b[49m\u001b[22m","timestamp":"2023-09-24 22:49:25"}
{"level":"info","message":"\u001b[1m\u001b[42m 数据库连接成功 \u001b[49m\u001b[22m","timestamp":"2023-09-24 22:49:36"}
{"level":"info","message":"\u001b[1m\u001b[42m API服务启动成功 \u001b[49m\u001b[22m","timestamp":"2023-09-24 22:49:36"}
{"level":"info","message":"\u001b[1m\u001b[42m 数据库连接成功 \u001b[49m\u001b[22m","timestamp":"2023-09-24 22:51:42"}
{"level":"info","message":"\u001b[1m\u001b[42m API服务启动成功 \u001b[49m\u001b[22m","timestamp":"2023-09-24 22:51:42"}
{"level":"info","message":"\u001b[1m\u001b[42m 数据库连接成功 \u001b[49m\u001b[22m","timestamp":"2023-09-24 22:55:27"}
{"level":"info","message":"\u001b[1m\u001b[42m API服务启动成功 \u001b[49m\u001b[22m","timestamp":"2023-09-24 22:55:27"}
{"level":"info","message":"\u001b[1m\u001b[42m 数据库连接成功 \u001b[49m\u001b[22m","timestamp":"2023-09-24 23:25:01"}
{"level":"info","message":"\u001b[1m\u001b[42m API服务启动成功 \u001b[49m\u001b[22m","timestamp":"2023-09-24 23:25:01"}
{"level":"info","message":"\u001b[1m\u001b[42m 数据库连接成功 \u001b[49m\u001b[22m","timestamp":"2023-09-24 23:52:31"}
{"level":"info","message":"\u001b[1m\u001b[42m API服务启动成功 \u001b[49m\u001b[22m","timestamp":"2023-09-24 23:52:31"}
{"level":"info","message":"\u001b[1m\u001b[42m 数据库连接成功 \u001b[49m\u001b[22m","timestamp":"2023-09-24 23:53:11"}
{"level":"info","message":"\u001b[1m\u001b[42m API服务启动成功 \u001b[49m\u001b[22m","timestamp":"2023-09-24 23:53:11"}
{"level":"info","message":"\u001b[1m\u001b[42m 数据库连接成功 \u001b[49m\u001b[22m","timestamp":"2023-09-24 23:53:28"}
{"level":"info","message":"\u001b[1m\u001b[42m API服务启动成功 \u001b[49m\u001b[22m","timestamp":"2023-09-24 23:53:28"}
{"level":"info","message":"\u001b[1m\u001b[42m 数据库连接成功 \u001b[49m\u001b[22m","timestamp":"2023-09-24 23:53:40"}
{"level":"info","message":"\u001b[1m\u001b[42m API服务启动成功 \u001b[49m\u001b[22m","timestamp":"2023-09-24 23:53:40"}
{"level":"info","message":"\u001b[1m\u001b[42m 数据库连接成功 \u001b[49m\u001b[22m","timestamp":"2023-09-24 23:57:24"}
{"level":"info","message":"\u001b[1m\u001b[42m API服务启动成功 \u001b[49m\u001b[22m","timestamp":"2023-09-24 23:57:24"}
{"level":"info","message":"\u001b[1m\u001b[42m 数据库连接成功 \u001b[49m\u001b[22m","timestamp":"2023-09-24 23:57:45"}
{"level":"info","message":"\u001b[1m\u001b[42m API服务启动成功 \u001b[49m\u001b[22m","timestamp":"2023-09-24 23:57:45"}
{"level":"info","message":"\u001b[1m\u001b[42m 数据库连接成功 \u001b[49m\u001b[22m","timestamp":"2023-09-25 00:06:00"}
{"level":"info","message":"\u001b[1m\u001b[42m API服务启动成功 \u001b[49m\u001b[22m","timestamp":"2023-09-25 00:06:00"}
{"level":"info","message":"\u001b[1m\u001b[42m 数据库连接成功 \u001b[49m\u001b[22m","timestamp":"2023-09-25 00:06:39"}
{"level":"info","message":"\u001b[1m\u001b[42m API服务启动成功 \u001b[49m\u001b[22m","timestamp":"2023-09-25 00:06:39"}
{"level":"info","message":"\u001b[1m\u001b[42m 数据库连接成功 \u001b[49m\u001b[22m","timestamp":"2023-09-25 00:07:42"}
{"level":"info","message":"\u001b[1m\u001b[42m API服务启动成功 \u001b[49m\u001b[22m","timestamp":"2023-09-25 00:07:42"}
{"level":"info","message":"\u001b[1m\u001b[42m 数据库连接成功 \u001b[49m\u001b[22m","timestamp":"2023-09-25 00:08:48"}
{"level":"info","message":"\u001b[1m\u001b[42m API服务启动成功 \u001b[49m\u001b[22m","timestamp":"2023-09-25 00:08:48"}
{"level":"info","message":"\u001b[1m\u001b[42m 数据库连接成功 \u001b[49m\u001b[22m","timestamp":"2023-09-25 00:13:19"}
{"level":"info","message":"\u001b[1m\u001b[42m API服务启动成功 \u001b[49m\u001b[22m","timestamp":"2023-09-25 00:13:19"}
{"level":"info","message":"\u001b[1m\u001b[42m 数据库连接成功 \u001b[49m\u001b[22m","timestamp":"2023-09-25 00:17:04"}
{"level":"info","message":"\u001b[1m\u001b[42m API服务启动成功 \u001b[49m\u001b[22m","timestamp":"2023-09-25 00:17:04"}
{"level":"info","message":"\u001b[1m\u001b[42m 数据库连接成功 \u001b[49m\u001b[22m","timestamp":"2023-09-25 00:18:57"}
{"level":"info","message":"\u001b[1m\u001b[42m API服务启动成功 \u001b[49m\u001b[22m","timestamp":"2023-09-25 00:18:57"}
{"level":"info","message":"\u001b[1m\u001b[42m 数据库连接成功 \u001b[49m\u001b[22m","timestamp":"2023-09-25 00:19:27"}
{"level":"info","message":"\u001b[1m\u001b[42m API服务启动成功 \u001b[49m\u001b[22m","timestamp":"2023-09-25 00:19:27"}
{"level":"info","message":"\u001b[1m\u001b[42m 数据库连接成功 \u001b[49m\u001b[22m","timestamp":"2023-09-25 00:19:42"}
{"level":"info","message":"\u001b[1m\u001b[42m API服务启动成功 \u001b[49m\u001b[22m","timestamp":"2023-09-25 00:19:42"}
{"level":"info","message":"\u001b[1m\u001b[42m 数据库连接成功 \u001b[49m\u001b[22m","timestamp":"2023-09-25 00:19:50"}
{"level":"info","message":"\u001b[1m\u001b[42m API服务启动成功 \u001b[49m\u001b[22m","timestamp":"2023-09-25 00:19:50"}
{"level":"info","message":"\u001b[1m\u001b[42m 数据库连接成功 \u001b[49m\u001b[22m","timestamp":"2023-09-25 00:20:02"}
{"level":"info","message":"\u001b[1m\u001b[42m API服务启动成功 \u001b[49m\u001b[22m","timestamp":"2023-09-25 00:20:02"}
{"level":"info","message":"\u001b[1m\u001b[42m 数据库连接成功 \u001b[49m\u001b[22m","timestamp":"2023-09-25 00:20:09"}
{"level":"info","message":"\u001b[1m\u001b[42m API服务启动成功 \u001b[49m\u001b[22m","timestamp":"2023-09-25 00:20:09"}
{"level":"info","message":"\u001b[1m\u001b[42m 数据库连接成功 \u001b[49m\u001b[22m","timestamp":"2023-09-25 00:22:55"}
{"level":"info","message":"\u001b[1m\u001b[42m API服务启动成功 \u001b[49m\u001b[22m","timestamp":"2023-09-25 00:22:55"}
{"level":"info","message":"\u001b[1m\u001b[42m 数据库连接成功 \u001b[49m\u001b[22m","timestamp":"2023-09-25 00:28:41"}
{"level":"info","message":"\u001b[1m\u001b[42m API服务启动成功 \u001b[49m\u001b[22m","timestamp":"2023-09-25 00:28:41"}
{"level":"info","message":"\u001b[1m\u001b[42m 数据库连接成功 \u001b[49m\u001b[22m","timestamp":"2023-09-25 00:28:58"}
{"level":"info","message":"\u001b[1m\u001b[42m API服务启动成功 \u001b[49m\u001b[22m","timestamp":"2023-09-25 00:28:58"}
{"level":"info","message":"\u001b[1m\u001b[42m 数据库连接成功 \u001b[49m\u001b[22m","timestamp":"2023-09-25 00:29:23"}
{"level":"info","message":"\u001b[1m\u001b[42m API服务启动成功 \u001b[49m\u001b[22m","timestamp":"2023-09-25 00:29:23"}
{"level":"info","message":"\u001b[1m\u001b[42m 数据库连接成功 \u001b[49m\u001b[22m","timestamp":"2023-09-25 00:30:01"}
{"level":"info","message":"\u001b[1m\u001b[42m API服务启动成功 \u001b[49m\u001b[22m","timestamp":"2023-09-25 00:30:01"}
{"level":"info","message":"\u001b[1m\u001b[42m 数据库连接成功 \u001b[49m\u001b[22m","timestamp":"2023-09-25 00:30:17"}
{"level":"info","message":"\u001b[1m\u001b[42m API服务启动成功 \u001b[49m\u001b[22m","timestamp":"2023-09-25 00:30:17"}
{"level":"info","message":"\u001b[1m\u001b[42m 数据库连接成功 \u001b[49m\u001b[22m","timestamp":"2023-09-25 00:30:32"}
{"level":"info","message":"\u001b[1m\u001b[42m API服务启动成功 \u001b[49m\u001b[22m","timestamp":"2023-09-25 00:30:32"}
{"level":"info","message":"\u001b[1m\u001b[42m 数据库连接成功 \u001b[49m\u001b[22m","timestamp":"2023-09-25 00:31:05"}
{"level":"info","message":"\u001b[1m\u001b[42m API服务启动成功 \u001b[49m\u001b[22m","timestamp":"2023-09-25 00:31:05"}
{"level":"info","message":"\u001b[1m\u001b[42m 数据库连接成功 \u001b[49m\u001b[22m","timestamp":"2023-09-25 00:31:25"}
{"level":"info","message":"\u001b[1m\u001b[42m API服务启动成功 \u001b[49m\u001b[22m","timestamp":"2023-09-25 00:31:25"}
{"level":"info","message":"\u001b[1m\u001b[42m 数据库连接成功 \u001b[49m\u001b[22m","timestamp":"2023-09-25 00:31:34"}
{"level":"info","message":"\u001b[1m\u001b[42m API服务启动成功 \u001b[49m\u001b[22m","timestamp":"2023-09-25 00:31:34"}
{"level":"info","message":"\u001b[1m\u001b[42m 数据库连接成功 \u001b[49m\u001b[22m","timestamp":"2023-09-25 00:32:07"}
{"level":"info","message":"\u001b[1m\u001b[42m API服务启动成功 \u001b[49m\u001b[22m","timestamp":"2023-09-25 00:32:07"}
{"level":"info","message":"\u001b[1m\u001b[42m 数据库连接成功 \u001b[49m\u001b[22m","timestamp":"2023-09-25 00:33:17"}
{"level":"info","message":"\u001b[1m\u001b[42m API服务启动成功 \u001b[49m\u001b[22m","timestamp":"2023-09-25 00:33:17"}
{"level":"info","message":"\u001b[1m\u001b[42m 数据库连接成功 \u001b[49m\u001b[22m","timestamp":"2023-09-25 11:04:07"}
{"level":"info","message":"\u001b[1m\u001b[42m API服务启动成功 \u001b[49m\u001b[22m","timestamp":"2023-09-25 11:04:07"}
{"level":"info","message":"\u001b[1m\u001b[42m 数据库连接成功 \u001b[49m\u001b[22m","timestamp":"2023-09-25 11:05:19"}
{"level":"info","message":"\u001b[1m\u001b[42m API服务启动成功 \u001b[49m\u001b[22m","timestamp":"2023-09-25 11:05:19"}
{"level":"info","message":"\u001b[1m\u001b[42m 数据库连接成功 \u001b[49m\u001b[22m","timestamp":"2023-09-25 11:05:37"}
{"level":"info","message":"\u001b[1m\u001b[42m API服务启动成功 \u001b[49m\u001b[22m","timestamp":"2023-09-25 11:05:37"}
{"level":"info","message":"\u001b[1m\u001b[42m 数据库连接成功 \u001b[49m\u001b[22m","timestamp":"2023-09-25 15:48:31"}
{"level":"info","message":"\u001b[1m\u001b[42m API服务启动成功 \u001b[49m\u001b[22m","timestamp":"2023-09-25 15:48:31"}
{"level":"info","message":"\u001b[1m\u001b[42m 数据库连接成功 \u001b[49m\u001b[22m","timestamp":"2023-09-25 15:51:17"}
{"level":"info","message":"\u001b[1m\u001b[42m API服务启动成功 \u001b[49m\u001b[22m","timestamp":"2023-09-25 15:51:17"}
{"level":"info","message":"\u001b[1m\u001b[42m 数据库连接成功 \u001b[49m\u001b[22m","timestamp":"2023-09-25 15:59:39"}
{"level":"info","message":"\u001b[1m\u001b[42m API服务启动成功 \u001b[49m\u001b[22m","timestamp":"2023-09-25 15:59:39"}
{"level":"info","message":"\u001b[1m\u001b[42m 数据库连接成功 \u001b[49m\u001b[22m","timestamp":"2023-09-25 16:01:11"}
{"level":"info","message":"\u001b[1m\u001b[42m API服务启动成功 \u001b[49m\u001b[22m","timestamp":"2023-09-25 16:01:11"}
{"level":"info","message":"\u001b[1m\u001b[42m 数据库连接成功 \u001b[49m\u001b[22m","timestamp":"2023-09-25 16:02:35"}
{"level":"info","message":"\u001b[1m\u001b[42m API服务启动成功 \u001b[49m\u001b[22m","timestamp":"2023-09-25 16:02:35"}
{"level":"info","message":"\u001b[1m\u001b[42m 数据库连接成功 \u001b[49m\u001b[22m","timestamp":"2023-09-25 16:03:36"}
{"level":"info","message":"\u001b[1m\u001b[42m API服务启动成功 \u001b[49m\u001b[22m","timestamp":"2023-09-25 16:03:36"}
{"level":"info","message":"\u001b[1m\u001b[42m 数据库连接成功 \u001b[49m\u001b[22m","timestamp":"2023-09-25 16:05:20"}
{"level":"info","message":"\u001b[1m\u001b[42m Redis连接成功 \u001b[49m\u001b[22m","timestamp":"2023-09-25 16:05:20"}
{"level":"info","message":"\u001b[1m\u001b[42m API服务启动成功 \u001b[49m\u001b[22m","timestamp":"2023-09-25 16:05:20"}
{"level":"info","message":"\u001b[1m\u001b[42m 数据库连接成功 \u001b[49m\u001b[22m","timestamp":"2023-09-25 16:15:25"}
{"level":"info","message":"\u001b[1m\u001b[42m Redis连接成功 \u001b[49m\u001b[22m","timestamp":"2023-09-25 16:15:25"}
{"level":"info","message":"\u001b[1m\u001b[42m API服务启动成功 \u001b[49m\u001b[22m","timestamp":"2023-09-25 16:15:25"}
{"level":"info","message":"\u001b[1m\u001b[42m 数据库连接成功 \u001b[49m\u001b[22m","timestamp":"2023-09-25 16:20:53"}
{"level":"info","message":"\u001b[1m\u001b[42m Redis连接成功 \u001b[49m\u001b[22m","timestamp":"2023-09-25 16:20:53"}
{"level":"info","message":"\u001b[1m\u001b[42m API服务启动成功 \u001b[49m\u001b[22m","timestamp":"2023-09-25 16:20:53"}
{"level":"info","message":"\u001b[1m\u001b[42m 数据库连接成功 \u001b[49m\u001b[22m","timestamp":"2023-09-25 16:22:23"}
{"level":"info","message":"\u001b[1m\u001b[42m Redis连接成功 \u001b[49m\u001b[22m","timestamp":"2023-09-25 16:22:23"}
{"level":"info","message":"\u001b[1m\u001b[42m API服务启动成功 \u001b[49m\u001b[22m","timestamp":"2023-09-25 16:22:23"}
{"level":"info","message":"\u001b[1m\u001b[42m 数据库连接成功 \u001b[49m\u001b[22m","timestamp":"2023-09-25 16:23:23"}
{"level":"info","message":"\u001b[1m\u001b[42m Redis连接成功 \u001b[49m\u001b[22m","timestamp":"2023-09-25 16:23:23"}
{"level":"info","message":"\u001b[1m\u001b[42m API服务启动成功 \u001b[49m\u001b[22m","timestamp":"2023-09-25 16:23:23"}
{"level":"info","message":"\u001b[1m\u001b[42m 数据库连接成功 \u001b[49m\u001b[22m","timestamp":"2023-09-25 16:23:38"}
{"level":"info","message":"\u001b[1m\u001b[42m Redis连接成功 \u001b[49m\u001b[22m","timestamp":"2023-09-25 16:23:38"}
{"level":"info","message":"\u001b[1m\u001b[42m API服务启动成功 \u001b[49m\u001b[22m","timestamp":"2023-09-25 16:23:38"}
{"level":"info","message":"\u001b[1m\u001b[42m 数据库连接成功 \u001b[49m\u001b[22m","timestamp":"2023-09-25 16:38:56"}
{"level":"info","message":"\u001b[1m\u001b[42m Redis连接成功 \u001b[49m\u001b[22m","timestamp":"2023-09-25 16:38:56"}
{"level":"info","message":"\u001b[1m\u001b[42m API服务启动成功 \u001b[49m\u001b[22m","timestamp":"2023-09-25 16:38:56"}
{"level":"info","message":"\u001b[1m\u001b[42m 数据库连接成功 \u001b[49m\u001b[22m","timestamp":"2023-09-25 16:39:19"}
{"level":"info","message":"\u001b[1m\u001b[42m Redis连接成功 \u001b[49m\u001b[22m","timestamp":"2023-09-25 16:39:19"}
{"level":"info","message":"\u001b[1m\u001b[42m API服务启动成功 \u001b[49m\u001b[22m","timestamp":"2023-09-25 16:39:19"}
{"level":"info","message":"\u001b[1m\u001b[42m 数据库连接成功 \u001b[49m\u001b[22m","timestamp":"2023-09-25 16:39:32"}
{"level":"info","message":"\u001b[1m\u001b[42m Redis连接成功 \u001b[49m\u001b[22m","timestamp":"2023-09-25 16:39:32"}
{"level":"info","message":"\u001b[1m\u001b[42m API服务启动成功 \u001b[49m\u001b[22m","timestamp":"2023-09-25 16:39:32"}
{"level":"info","message":"\u001b[1m\u001b[42m 数据库连接成功 \u001b[49m\u001b[22m","timestamp":"2023-09-25 16:42:56"}
{"level":"info","message":"\u001b[1m\u001b[42m Redis连接成功 \u001b[49m\u001b[22m","timestamp":"2023-09-25 16:42:56"}
{"level":"info","message":"\u001b[1m\u001b[42m API服务启动成功 \u001b[49m\u001b[22m","timestamp":"2023-09-25 16:42:56"}
{"level":"info","message":"\u001b[1m\u001b[42m 数据库连接成功 \u001b[49m\u001b[22m","timestamp":"2023-09-25 16:43:10"}
{"level":"info","message":"\u001b[1m\u001b[42m Redis连接成功 \u001b[49m\u001b[22m","timestamp":"2023-09-25 16:43:10"}
{"level":"info","message":"\u001b[1m\u001b[42m API服务启动成功 \u001b[49m\u001b[22m","timestamp":"2023-09-25 16:43:10"}
{"level":"info","message":"\u001b[1m\u001b[42m 数据库连接成功 \u001b[49m\u001b[22m","timestamp":"2023-09-25 16:44:01"}
{"level":"info","message":"\u001b[1m\u001b[42m Redis连接成功 \u001b[49m\u001b[22m","timestamp":"2023-09-25 16:44:01"}
{"level":"info","message":"\u001b[1m\u001b[42m API服务启动成功 \u001b[49m\u001b[22m","timestamp":"2023-09-25 16:44:01"}
{"level":"info","message":"\u001b[1m\u001b[42m 数据库连接成功 \u001b[49m\u001b[22m","timestamp":"2023-09-25 16:49:47"}
{"level":"info","message":"\u001b[1m\u001b[42m Redis连接成功 \u001b[49m\u001b[22m","timestamp":"2023-09-25 16:49:47"}
{"level":"info","message":"\u001b[1m\u001b[42m API服务启动成功 \u001b[49m\u001b[22m","timestamp":"2023-09-25 16:49:47"}
{"level":"info","message":"\u001b[1m\u001b[42m 数据库连接成功 \u001b[49m\u001b[22m","timestamp":"2023-09-25 16:50:56"}
{"level":"info","message":"\u001b[1m\u001b[42m Redis连接成功 \u001b[49m\u001b[22m","timestamp":"2023-09-25 16:50:56"}
{"level":"info","message":"\u001b[1m\u001b[42m API服务启动成功 \u001b[49m\u001b[22m","timestamp":"2023-09-25 16:50:56"}
{"level":"info","message":"\u001b[1m\u001b[42m 数据库连接成功 \u001b[49m\u001b[22m","timestamp":"2023-09-25 16:51:48"}
{"level":"info","message":"\u001b[1m\u001b[42m Redis连接成功 \u001b[49m\u001b[22m","timestamp":"2023-09-25 16:51:48"}
{"level":"info","message":"\u001b[1m\u001b[42m API服务启动成功 \u001b[49m\u001b[22m","timestamp":"2023-09-25 16:51:48"}
{"level":"info","message":"\u001b[1m\u001b[42m 数据库连接成功 \u001b[49m\u001b[22m","timestamp":"2023-09-25 16:52:23"}
{"level":"info","message":"\u001b[1m\u001b[42m Redis连接成功 \u001b[49m\u001b[22m","timestamp":"2023-09-25 16:52:23"}
{"level":"info","message":"\u001b[1m\u001b[42m API服务启动成功 \u001b[49m\u001b[22m","timestamp":"2023-09-25 16:52:23"}
{"level":"info","message":"\u001b[1m\u001b[42m 数据库连接成功 \u001b[49m\u001b[22m","timestamp":"2023-09-25 16:52:51"}
{"level":"info","message":"\u001b[1m\u001b[42m Redis连接成功 \u001b[49m\u001b[22m","timestamp":"2023-09-25 16:52:51"}
{"level":"info","message":"\u001b[1m\u001b[42m API服务启动成功 \u001b[49m\u001b[22m","timestamp":"2023-09-25 16:52:51"}
{"level":"info","message":"\u001b[1m\u001b[42m 数据库连接成功 \u001b[49m\u001b[22m","timestamp":"2023-09-25 16:52:58"}
{"level":"info","message":"\u001b[1m\u001b[42m Redis连接成功 \u001b[49m\u001b[22m","timestamp":"2023-09-25 16:52:58"}
{"level":"info","message":"\u001b[1m\u001b[42m API服务启动成功 \u001b[49m\u001b[22m","timestamp":"2023-09-25 16:52:58"}
{"level":"info","message":"\u001b[1m\u001b[42m 数据库连接成功 \u001b[49m\u001b[22m","timestamp":"2023-09-25 16:55:23"}
{"level":"info","message":"\u001b[1m\u001b[42m Redis连接成功 \u001b[49m\u001b[22m","timestamp":"2023-09-25 16:55:23"}
{"level":"info","message":"\u001b[1m\u001b[42m API服务启动成功 \u001b[49m\u001b[22m","timestamp":"2023-09-25 16:55:23"}
{"level":"info","message":"\u001b[1m\u001b[42m 数据库连接成功 \u001b[49m\u001b[22m","timestamp":"2023-09-25 16:57:14"}
{"level":"info","message":"\u001b[1m\u001b[42m Redis连接成功 \u001b[49m\u001b[22m","timestamp":"2023-09-25 16:57:14"}
{"level":"info","message":"\u001b[1m\u001b[42m API服务启动成功 \u001b[49m\u001b[22m","timestamp":"2023-09-25 16:57:14"}
{"level":"info","message":"\u001b[1m\u001b[42m 数据库连接成功 \u001b[49m\u001b[22m","timestamp":"2023-09-25 16:57:40"}
{"level":"info","message":"\u001b[1m\u001b[42m Redis连接成功 \u001b[49m\u001b[22m","timestamp":"2023-09-25 16:57:40"}
{"level":"info","message":"\u001b[1m\u001b[42m API服务启动成功 \u001b[49m\u001b[22m","timestamp":"2023-09-25 16:57:40"}
{"level":"info","message":"\u001b[1m\u001b[42m 数据库连接成功 \u001b[49m\u001b[22m","timestamp":"2023-09-25 16:58:25"}
{"level":"info","message":"\u001b[1m\u001b[42m Redis连接成功 \u001b[49m\u001b[22m","timestamp":"2023-09-25 16:58:25"}
{"level":"info","message":"\u001b[1m\u001b[42m API服务启动成功 \u001b[49m\u001b[22m","timestamp":"2023-09-25 16:58:25"}
{"level":"info","message":"\u001b[1m\u001b[42m 数据库连接成功 \u001b[49m\u001b[22m","timestamp":"2023-09-25 16:59:53"}
{"level":"info","message":"\u001b[1m\u001b[42m Redis连接成功 \u001b[49m\u001b[22m","timestamp":"2023-09-25 16:59:53"}
{"level":"info","message":"\u001b[1m\u001b[42m API服务启动成功 \u001b[49m\u001b[22m","timestamp":"2023-09-25 16:59:53"}
{"level":"info","message":"\u001b[1m\u001b[42m 数据库连接成功 \u001b[49m\u001b[22m","timestamp":"2023-09-25 17:00:03"}
{"level":"info","message":"\u001b[1m\u001b[42m Redis连接成功 \u001b[49m\u001b[22m","timestamp":"2023-09-25 17:00:03"}
{"level":"info","message":"\u001b[1m\u001b[42m API服务启动成功 \u001b[49m\u001b[22m","timestamp":"2023-09-25 17:00:03"}
{"level":"info","message":"\u001b[1m\u001b[42m 数据库连接成功 \u001b[49m\u001b[22m","timestamp":"2023-09-25 17:00:20"}
{"level":"info","message":"\u001b[1m\u001b[42m Redis连接成功 \u001b[49m\u001b[22m","timestamp":"2023-09-25 17:00:20"}
{"level":"info","message":"\u001b[1m\u001b[42m API服务启动成功 \u001b[49m\u001b[22m","timestamp":"2023-09-25 17:00:20"}
{"level":"info","message":"\u001b[1m\u001b[42m 数据库连接成功 \u001b[49m\u001b[22m","timestamp":"2023-09-25 17:01:19"}
{"level":"info","message":"\u001b[1m\u001b[42m Redis连接成功 \u001b[49m\u001b[22m","timestamp":"2023-09-25 17:01:19"}
{"level":"info","message":"\u001b[1m\u001b[42m API服务启动成功 \u001b[49m\u001b[22m","timestamp":"2023-09-25 17:01:19"}
{"level":"info","message":"\u001b[1m\u001b[42m 数据库连接成功 \u001b[49m\u001b[22m","timestamp":"2023-09-25 17:01:41"}
{"level":"info","message":"\u001b[1m\u001b[42m Redis连接成功 \u001b[49m\u001b[22m","timestamp":"2023-09-25 17:01:41"}
{"level":"info","message":"\u001b[1m\u001b[42m API服务启动成功 \u001b[49m\u001b[22m","timestamp":"2023-09-25 17:01:41"}
{"level":"info","message":"\u001b[1m\u001b[42m 数据库连接成功 \u001b[49m\u001b[22m","timestamp":"2023-09-25 17:02:47"}
{"level":"info","message":"\u001b[1m\u001b[42m Redis连接成功 \u001b[49m\u001b[22m","timestamp":"2023-09-25 17:02:47"}
{"level":"info","message":"\u001b[1m\u001b[42m API服务启动成功 \u001b[49m\u001b[22m","timestamp":"2023-09-25 17:02:47"}
{"level":"info","message":"\u001b[1m\u001b[42m 数据库连接成功 \u001b[49m\u001b[22m","timestamp":"2023-09-25 17:03:39"}
{"level":"info","message":"\u001b[1m\u001b[42m Redis连接成功 \u001b[49m\u001b[22m","timestamp":"2023-09-25 17:03:39"}
{"level":"info","message":"\u001b[1m\u001b[42m API服务启动成功 \u001b[49m\u001b[22m","timestamp":"2023-09-25 17:03:39"}
{"level":"info","message":"\u001b[1m\u001b[42m 数据库连接成功 \u001b[49m\u001b[22m","timestamp":"2023-09-25 17:04:02"}
{"level":"info","message":"\u001b[1m\u001b[42m Redis连接成功 \u001b[49m\u001b[22m","timestamp":"2023-09-25 17:04:02"}
{"level":"info","message":"\u001b[1m\u001b[42m API服务启动成功 \u001b[49m\u001b[22m","timestamp":"2023-09-25 17:04:02"}
{"level":"info","message":"\u001b[1m\u001b[42m 数据库连接成功 \u001b[49m\u001b[22m","timestamp":"2023-09-25 17:04:30"}
{"level":"info","message":"\u001b[1m\u001b[42m Redis连接成功 \u001b[49m\u001b[22m","timestamp":"2023-09-25 17:04:30"}
{"level":"info","message":"\u001b[1m\u001b[42m API服务启动成功 \u001b[49m\u001b[22m","timestamp":"2023-09-25 17:04:30"}
{"level":"info","message":"\u001b[1m\u001b[42m 数据库连接成功 \u001b[49m\u001b[22m","timestamp":"2023-09-25 17:04:37"}
{"level":"info","message":"\u001b[1m\u001b[42m Redis连接成功 \u001b[49m\u001b[22m","timestamp":"2023-09-25 17:04:37"}
{"level":"info","message":"\u001b[1m\u001b[42m API服务启动成功 \u001b[49m\u001b[22m","timestamp":"2023-09-25 17:04:37"}
{"level":"info","message":"\u001b[1m\u001b[42m 数据库连接成功 \u001b[49m\u001b[22m","timestamp":"2023-09-25 17:04:59"}
{"level":"info","message":"\u001b[1m\u001b[42m Redis连接成功 \u001b[49m\u001b[22m","timestamp":"2023-09-25 17:04:59"}
{"level":"info","message":"\u001b[1m\u001b[42m API服务启动成功 \u001b[49m\u001b[22m","timestamp":"2023-09-25 17:04:59"}
{"level":"info","message":"\u001b[1m\u001b[42m 数据库连接成功 \u001b[49m\u001b[22m","timestamp":"2023-09-25 17:05:36"}
{"level":"info","message":"\u001b[1m\u001b[42m Redis连接成功 \u001b[49m\u001b[22m","timestamp":"2023-09-25 17:05:36"}
{"level":"info","message":"\u001b[1m\u001b[42m API服务启动成功 \u001b[49m\u001b[22m","timestamp":"2023-09-25 17:05:36"}
{"level":"info","message":"\u001b[1m\u001b[42m 数据库连接成功 \u001b[49m\u001b[22m","timestamp":"2023-09-25 17:06:10"}
{"level":"info","message":"\u001b[1m\u001b[42m Redis连接成功 \u001b[49m\u001b[22m","timestamp":"2023-09-25 17:06:10"}
{"level":"info","message":"\u001b[1m\u001b[42m API服务启动成功 \u001b[49m\u001b[22m","timestamp":"2023-09-25 17:06:10"}
{"level":"info","message":"\u001b[1m\u001b[42m 数据库连接成功 \u001b[49m\u001b[22m","timestamp":"2023-09-25 17:06:46"}
{"level":"info","message":"\u001b[1m\u001b[42m Redis连接成功 \u001b[49m\u001b[22m","timestamp":"2023-09-25 17:06:46"}
{"level":"info","message":"\u001b[1m\u001b[42m API服务启动成功 \u001b[49m\u001b[22m","timestamp":"2023-09-25 17:06:46"}
{"level":"info","message":"\u001b[1m\u001b[42m 数据库连接成功 \u001b[49m\u001b[22m","timestamp":"2023-09-25 18:05:21"}
{"level":"info","message":"\u001b[1m\u001b[42m Redis连接成功 \u001b[49m\u001b[22m","timestamp":"2023-09-25 18:05:21"}
{"level":"info","message":"\u001b[1m\u001b[42m API服务启动成功 \u001b[49m\u001b[22m","timestamp":"2023-09-25 18:05:21"}
{"level":"info","message":"\u001b[1m\u001b[42m 数据库连接成功 \u001b[49m\u001b[22m","timestamp":"2023-09-25 18:13:55"}
{"level":"info","message":"\u001b[1m\u001b[42m Redis连接成功 \u001b[49m\u001b[22m","timestamp":"2023-09-25 18:13:55"}
{"level":"info","message":"\u001b[1m\u001b[42m API服务启动成功 \u001b[49m\u001b[22m","timestamp":"2023-09-25 18:13:55"}
{"level":"info","message":"\u001b[1m\u001b[42m 数据库连接成功 \u001b[49m\u001b[22m","timestamp":"2023-09-25 22:06:19"}
{"level":"error","message":"\u001b[1m\u001b[42m Redis连接失败 \u001b[49m\u001b[22m","timestamp":"2023-09-25 22:06:19"}
{"address":"127.0.0.1","code":"ECONNREFUSED","errno":-4078,"level":"error","port":6379,"syscall":"connect","timestamp":"2023-09-25 22:06:19"}
{"level":"info","message":"\u001b[1m\u001b[42m API服务启动成功 \u001b[49m\u001b[22m","timestamp":"2023-09-25 22:06:19"}
{"level":"info","message":"\u001b[1m\u001b[42m 数据库连接成功 \u001b[49m\u001b[22m","timestamp":"2023-09-25 22:06:42"}
{"level":"info","message":"\u001b[1m\u001b[42m Redis连接成功 \u001b[49m\u001b[22m","timestamp":"2023-09-25 22:06:42"}
{"level":"info","message":"\u001b[1m\u001b[42m API服务启动成功 \u001b[49m\u001b[22m","timestamp":"2023-09-25 22:06:42"}
{"level":"info","message":"\u001b[1m\u001b[42m 数据库连接成功 \u001b[49m\u001b[22m","timestamp":"2023-09-27 18:19:46"}
{"level":"error","message":"\u001b[1m\u001b[42m Redis连接失败 \u001b[49m\u001b[22m","timestamp":"2023-09-27 18:19:46"}
{"address":"127.0.0.1","code":"ECONNREFUSED","errno":-4078,"level":"error","port":6379,"syscall":"connect","timestamp":"2023-09-27 18:19:46"}
{"level":"info","message":"\u001b[1m\u001b[42m API服务启动成功 \u001b[49m\u001b[22m","timestamp":"2023-09-27 18:19:46"}
{"level":"info","message":"\u001b[1m\u001b[42m 数据库连接成功 \u001b[49m\u001b[22m","timestamp":"2023-09-27 19:20:54"}
{"level":"info","message":"\u001b[1m\u001b[42m Redis连接成功 \u001b[49m\u001b[22m","timestamp":"2023-09-27 19:20:54"}
{"level":"info","message":"\u001b[1m\u001b[42m API服务启动成功 \u001b[49m\u001b[22m","timestamp":"2023-09-27 19:20:54"}
{"level":"info","message":"\u001b[1m\u001b[42m 数据库连接成功 \u001b[49m\u001b[22m","timestamp":"2023-09-27 19:33:16"}
{"level":"info","message":"\u001b[1m\u001b[42m Redis连接成功 \u001b[49m\u001b[22m","timestamp":"2023-09-27 19:33:16"}
{"level":"info","message":"\u001b[1m\u001b[42m API服务启动成功 \u001b[49m\u001b[22m","timestamp":"2023-09-27 19:33:16"}
{"level":"info","message":"\u001b[1m\u001b[42m 数据库连接成功 \u001b[49m\u001b[22m","timestamp":"2023-09-27 19:36:16"}
{"level":"info","message":"\u001b[1m\u001b[42m Redis连接成功 \u001b[49m\u001b[22m","timestamp":"2023-09-27 19:36:16"}
{"level":"info","message":"\u001b[1m\u001b[42m API服务启动成功 \u001b[49m\u001b[22m","timestamp":"2023-09-27 19:36:16"}
{"level":"info","message":"\u001b[1m\u001b[42m 数据库连接成功 \u001b[49m\u001b[22m","timestamp":"2023-09-27 19:41:13"}
{"level":"info","message":"\u001b[1m\u001b[42m Redis连接成功 \u001b[49m\u001b[22m","timestamp":"2023-09-27 19:41:13"}
{"level":"info","message":"\u001b[1m\u001b[42m API服务启动成功 \u001b[49m\u001b[22m","timestamp":"2023-09-27 19:41:13"}
{"level":"info","message":"\u001b[1m\u001b[42m 数据库连接成功 \u001b[49m\u001b[22m","timestamp":"2023-09-27 19:42:03"}
{"level":"info","message":"\u001b[1m\u001b[42m Redis连接成功 \u001b[49m\u001b[22m","timestamp":"2023-09-27 19:42:03"}
{"level":"info","message":"\u001b[1m\u001b[42m API服务启动成功 \u001b[49m\u001b[22m","timestamp":"2023-09-27 19:42:03"}
{"level":"info","message":"\u001b[1m\u001b[42m 数据库连接成功 \u001b[49m\u001b[22m","timestamp":"2023-09-27 19:43:47"}
{"level":"info","message":"\u001b[1m\u001b[42m Redis连接成功 \u001b[49m\u001b[22m","timestamp":"2023-09-27 19:43:47"}
{"level":"info","message":"\u001b[1m\u001b[42m API服务启动成功 \u001b[49m\u001b[22m","timestamp":"2023-09-27 19:43:47"}
{"level":"info","message":"\u001b[1m\u001b[42m 数据库连接成功 \u001b[49m\u001b[22m","timestamp":"2023-09-27 19:43:59"}
{"level":"info","message":"\u001b[1m\u001b[42m Redis连接成功 \u001b[49m\u001b[22m","timestamp":"2023-09-27 19:43:59"}
{"level":"info","message":"\u001b[1m\u001b[42m API服务启动成功 \u001b[49m\u001b[22m","timestamp":"2023-09-27 19:43:59"}
{"level":"info","message":"\u001b[1m\u001b[42m 数据库连接成功 \u001b[49m\u001b[22m","timestamp":"2023-09-27 19:45:45"}
{"level":"info","message":"\u001b[1m\u001b[42m Redis连接成功 \u001b[49m\u001b[22m","timestamp":"2023-09-27 19:45:45"}
{"level":"info","message":"\u001b[1m\u001b[42m API服务启动成功 \u001b[49m\u001b[22m","timestamp":"2023-09-27 19:45:45"}
{"level":"info","message":"\u001b[1m\u001b[42m 数据库连接成功 \u001b[49m\u001b[22m","timestamp":"2023-09-27 19:47:46"}
{"level":"info","message":"\u001b[1m\u001b[42m Redis连接成功 \u001b[49m\u001b[22m","timestamp":"2023-09-27 19:47:46"}
{"level":"info","message":"\u001b[1m\u001b[42m API服务启动成功 \u001b[49m\u001b[22m","timestamp":"2023-09-27 19:47:46"}
{"level":"info","message":"\u001b[1m\u001b[42m 数据库连接成功 \u001b[49m\u001b[22m","timestamp":"2023-09-27 19:48:00"}
{"level":"info","message":"\u001b[1m\u001b[42m Redis连接成功 \u001b[49m\u001b[22m","timestamp":"2023-09-27 19:48:00"}
{"level":"info","message":"\u001b[1m\u001b[42m API服务启动成功 \u001b[49m\u001b[22m","timestamp":"2023-09-27 19:48:00"}
{"level":"info","message":"\u001b[1m\u001b[42m 数据库连接成功 \u001b[49m\u001b[22m","timestamp":"2023-09-27 19:49:06"}
{"level":"info","message":"\u001b[1m\u001b[42m Redis连接成功 \u001b[49m\u001b[22m","timestamp":"2023-09-27 19:49:06"}
{"level":"info","message":"\u001b[1m\u001b[42m API服务启动成功 \u001b[49m\u001b[22m","timestamp":"2023-09-27 19:49:06"}
{"level":"info","message":"\u001b[1m\u001b[42m 数据库连接成功 \u001b[49m\u001b[22m","timestamp":"2023-09-27 19:50:36"}
{"level":"info","message":"\u001b[1m\u001b[42m Redis连接成功 \u001b[49m\u001b[22m","timestamp":"2023-09-27 19:50:36"}
{"level":"info","message":"\u001b[1m\u001b[42m API服务启动成功 \u001b[49m\u001b[22m","timestamp":"2023-09-27 19:50:36"}
{"level":"info","message":"\u001b[1m\u001b[42m 数据库连接成功 \u001b[49m\u001b[22m","timestamp":"2023-09-27 19:50:48"}
{"level":"info","message":"\u001b[1m\u001b[42m Redis连接成功 \u001b[49m\u001b[22m","timestamp":"2023-09-27 19:50:48"}
{"level":"info","message":"\u001b[1m\u001b[42m API服务启动成功 \u001b[49m\u001b[22m","timestamp":"2023-09-27 19:50:48"}
{"level":"info","message":"\u001b[1m\u001b[42m 数据库连接成功 \u001b[49m\u001b[22m","timestamp":"2023-09-27 20:39:08"}
{"level":"info","message":"\u001b[1m\u001b[42m Redis连接成功 \u001b[49m\u001b[22m","timestamp":"2023-09-27 20:39:08"}
{"level":"info","message":"\u001b[1m\u001b[42m API服务启动成功 \u001b[49m\u001b[22m","timestamp":"2023-09-27 20:39:08"}
{"level":"info","message":"\u001b[1m\u001b[42m 数据库连接成功 \u001b[49m\u001b[22m","timestamp":"2023-09-27 21:39:33"}
{"level":"info","message":"\u001b[1m\u001b[42m Redis连接成功 \u001b[49m\u001b[22m","timestamp":"2023-09-27 21:39:33"}
{"level":"info","message":"\u001b[1m\u001b[42m API服务启动成功 \u001b[49m\u001b[22m","timestamp":"2023-09-27 21:39:33"}
{"level":"info","message":"\u001b[1m\u001b[42m 数据库连接成功 \u001b[49m\u001b[22m","timestamp":"2023-09-27 21:43:15"}
{"level":"info","message":"\u001b[1m\u001b[42m Redis连接成功 \u001b[49m\u001b[22m","timestamp":"2023-09-27 21:43:15"}
{"level":"info","message":"\u001b[1m\u001b[42m API服务启动成功 \u001b[49m\u001b[22m","timestamp":"2023-09-27 21:43:15"}
{"level":"info","message":"\u001b[1m\u001b[42m 数据库连接成功 \u001b[49m\u001b[22m","timestamp":"2023-09-27 21:44:35"}
{"level":"info","message":"\u001b[1m\u001b[42m Redis连接成功 \u001b[49m\u001b[22m","timestamp":"2023-09-27 21:44:35"}
{"level":"info","message":"\u001b[1m\u001b[42m API服务启动成功 \u001b[49m\u001b[22m","timestamp":"2023-09-27 21:44:35"}
{"level":"info","message":"\u001b[1m\u001b[42m 数据库连接成功 \u001b[49m\u001b[22m","timestamp":"2023-09-27 21:46:21"}
{"level":"info","message":"\u001b[1m\u001b[42m Redis连接成功 \u001b[49m\u001b[22m","timestamp":"2023-09-27 21:46:21"}
{"level":"info","message":"\u001b[1m\u001b[42m API服务启动成功 \u001b[49m\u001b[22m","timestamp":"2023-09-27 21:46:21"}
{"level":"info","message":"\u001b[1m\u001b[42m 数据库连接成功 \u001b[49m\u001b[22m","timestamp":"2023-09-27 22:00:33"}
{"level":"info","message":"\u001b[1m\u001b[42m Redis连接成功 \u001b[49m\u001b[22m","timestamp":"2023-09-27 22:00:33"}
{"level":"info","message":"\u001b[1m\u001b[42m API服务启动成功 \u001b[49m\u001b[22m","timestamp":"2023-09-27 22:00:33"}
{"level":"info","message":"\u001b[1m\u001b[42m 数据库连接成功 \u001b[49m\u001b[22m","timestamp":"2023-09-27 22:09:55"}
{"level":"info","message":"\u001b[1m\u001b[42m Redis连接成功 \u001b[49m\u001b[22m","timestamp":"2023-09-27 22:09:55"}
{"level":"info","message":"\u001b[1m\u001b[42m API服务启动成功 \u001b[49m\u001b[22m","timestamp":"2023-09-27 22:09:55"}
{"level":"info","message":"\u001b[1m\u001b[42m 数据库连接成功 \u001b[49m\u001b[22m","timestamp":"2023-09-27 22:10:53"}
{"level":"info","message":"\u001b[1m\u001b[42m Redis连接成功 \u001b[49m\u001b[22m","timestamp":"2023-09-27 22:10:53"}
{"level":"info","message":"\u001b[1m\u001b[42m API服务启动成功 \u001b[49m\u001b[22m","timestamp":"2023-09-27 22:10:53"}
{"level":"info","message":"\u001b[1m\u001b[42m 数据库连接成功 \u001b[49m\u001b[22m","timestamp":"2023-09-27 22:11:44"}
{"level":"info","message":"\u001b[1m\u001b[42m Redis连接成功 \u001b[49m\u001b[22m","timestamp":"2023-09-27 22:11:44"}
{"level":"info","message":"\u001b[1m\u001b[42m API服务启动成功 \u001b[49m\u001b[22m","timestamp":"2023-09-27 22:11:44"}
{"level":"info","message":"\u001b[1m\u001b[42m 数据库连接成功 \u001b[49m\u001b[22m","timestamp":"2023-09-27 22:13:16"}
{"level":"info","message":"\u001b[1m\u001b[42m Redis连接成功 \u001b[49m\u001b[22m","timestamp":"2023-09-27 22:13:16"}
{"level":"info","message":"\u001b[1m\u001b[42m API服务启动成功 \u001b[49m\u001b[22m","timestamp":"2023-09-27 22:13:16"}
{"level":"info","message":"\u001b[1m\u001b[42m 数据库连接成功 \u001b[49m\u001b[22m","timestamp":"2023-09-27 22:14:22"}
{"level":"info","message":"\u001b[1m\u001b[42m Redis连接成功 \u001b[49m\u001b[22m","timestamp":"2023-09-27 22:14:22"}
{"level":"info","message":"\u001b[1m\u001b[42m API服务启动成功 \u001b[49m\u001b[22m","timestamp":"2023-09-27 22:14:22"}
{"level":"info","message":"\u001b[1m\u001b[42m 数据库连接成功 \u001b[49m\u001b[22m","timestamp":"2023-09-27 22:14:59"}
{"level":"info","message":"\u001b[1m\u001b[42m Redis连接成功 \u001b[49m\u001b[22m","timestamp":"2023-09-27 22:14:59"}
{"level":"info","message":"\u001b[1m\u001b[42m API服务启动成功 \u001b[49m\u001b[22m","timestamp":"2023-09-27 22:14:59"}
{"level":"info","message":"\u001b[1m\u001b[42m 数据库连接成功 \u001b[49m\u001b[22m","timestamp":"2023-10-03 10:47:46"}
{"level":"error","message":"\u001b[1m\u001b[42m Redis连接失败 \u001b[49m\u001b[22m","timestamp":"2023-10-03 10:47:46"}
{"address":"127.0.0.1","code":"ECONNREFUSED","errno":-4078,"level":"error","port":6379,"syscall":"connect","timestamp":"2023-10-03 10:47:46"}
{"level":"info","message":"\u001b[1m\u001b[42m API服务启动成功 \u001b[49m\u001b[22m","timestamp":"2023-10-03 10:47:46"}
{"level":"info","message":"\u001b[1m\u001b[42m 数据库连接成功 \u001b[49m\u001b[22m","timestamp":"2023-10-03 10:51:39"}
{"level":"info","message":"\u001b[1m\u001b[42m Redis连接成功 \u001b[49m\u001b[22m","timestamp":"2023-10-03 10:51:39"}
{"level":"info","message":"\u001b[1m\u001b[42m API服务启动成功 \u001b[49m\u001b[22m","timestamp":"2023-10-03 10:51:39"}
{"level":"info","message":"\u001b[1m\u001b[42m 数据库连接成功 \u001b[49m\u001b[22m","timestamp":"2023-10-03 10:54:36"}
{"level":"info","message":"\u001b[1m\u001b[42m Redis连接成功 \u001b[49m\u001b[22m","timestamp":"2023-10-03 10:54:36"}
{"level":"info","message":"\u001b[1m\u001b[42m API服务启动成功 \u001b[49m\u001b[22m","timestamp":"2023-10-03 10:54:36"}
{"level":"info","message":"\u001b[1m\u001b[42m 数据库连接成功 \u001b[49m\u001b[22m","timestamp":"2023-10-03 11:32:30"}
{"level":"error","message":"\u001b[1m\u001b[101m Redis连接失败 \u001b[49m\u001b[22m","timestamp":"2023-10-03 11:32:30"}
{"address":"127.0.0.1","code":"ECONNREFUSED","errno":-4078,"level":"error","port":6379,"syscall":"connect","timestamp":"2023-10-03 11:32:30"}
{"level":"info","message":"\u001b[1m\u001b[42m API服务启动成功 \u001b[49m\u001b[22m","timestamp":"2023-10-03 11:32:30"}
{"level":"info","message":"\u001b[1m\u001b[42m 数据库连接成功 \u001b[49m\u001b[22m","timestamp":"2023-10-03 11:32:45"}
{"level":"error","message":"\u001b[1m\u001b[41m Redis连接失败 \u001b[49m\u001b[22m","timestamp":"2023-10-03 11:32:45"}
{"address":"127.0.0.1","code":"ECONNREFUSED","errno":-4078,"level":"error","port":6379,"syscall":"connect","timestamp":"2023-10-03 11:32:45"}
{"level":"info","message":"\u001b[1m\u001b[42m API服务启动成功 \u001b[49m\u001b[22m","timestamp":"2023-10-03 11:32:45"}
{"level":"info","message":"\u001b[1m\u001b[42m 数据库连接成功 \u001b[49m\u001b[22m","timestamp":"2023-10-03 11:33:39"}
{"level":"info","message":"\u001b[1m\u001b[42m Redis连接成功 \u001b[49m\u001b[22m","timestamp":"2023-10-03 11:33:39"}
{"level":"info","message":"\u001b[1m\u001b[42m API服务启动成功 \u001b[49m\u001b[22m","timestamp":"2023-10-03 11:33:39"}
{"level":"info","message":"\u001b[1m\u001b[42m 数据库连接成功 \u001b[49m\u001b[22m","timestamp":"2023-10-03 11:40:53"}
{"level":"info","message":"\u001b[1m\u001b[42m Redis连接成功 \u001b[49m\u001b[22m","timestamp":"2023-10-03 11:40:53"}
{"level":"info","message":"\u001b[1m\u001b[42m API服务启动成功 \u001b[49m\u001b[22m","timestamp":"2023-10-03 11:40:53"}
{"level":"info","message":"\u001b[1m\u001b[42m 数据库连接成功 \u001b[49m\u001b[22m","timestamp":"2023-10-03 11:41:23"}
{"level":"info","message":"\u001b[1m\u001b[42m Redis连接成功 \u001b[49m\u001b[22m","timestamp":"2023-10-03 11:41:23"}
{"level":"info","message":"\u001b[1m\u001b[42m API服务启动成功 端口8002\u001b[49m\u001b[22m","timestamp":"2023-10-03 11:41:23"}
{"level":"info","message":"\u001b[1m\u001b[42m 数据库连接成功 \u001b[49m\u001b[22m","timestamp":"2023-10-03 11:41:36"}
{"level":"info","message":"\u001b[1m\u001b[42m Redis连接成功 \u001b[49m\u001b[22m","timestamp":"2023-10-03 11:41:36"}
{"level":"info","message":"\u001b[1m\u001b[42m API服务启动成功 端口8002\u001b[49m\u001b[22m ","timestamp":"2023-10-03 11:41:36"}
{"level":"info","message":"\u001b[1m\u001b[42m 数据库连接成功 \u001b[49m\u001b[22m","timestamp":"2023-10-05 10:05:34"}
{"level":"error","message":"\u001b[1m\u001b[41m Redis连接失败 \u001b[49m\u001b[22m","timestamp":"2023-10-05 10:05:34"}
{"address":"127.0.0.1","code":"ECONNREFUSED","errno":-4078,"level":"error","port":6379,"syscall":"connect","timestamp":"2023-10-05 10:05:34"}
{"level":"info","message":"\u001b[1m\u001b[42m API服务启动成功 端口8002\u001b[49m\u001b[22m ","timestamp":"2023-10-05 10:05:34"}
{"level":"info","message":"\u001b[1m\u001b[42m 数据库连接成功 \u001b[49m\u001b[22m","timestamp":"2023-10-06 16:43:09"}
{"level":"info","message":"\u001b[1m\u001b[42m Redis连接成功 \u001b[49m\u001b[22m","timestamp":"2023-10-06 16:43:09"}
{"level":"info","message":"\u001b[1m\u001b[42m API服务启动成功 端口8002\u001b[49m\u001b[22m ","timestamp":"2023-10-06 16:43:09"}
{"level":"info","message":"\u001b[1m\u001b[42m 数据库连接成功 \u001b[49m\u001b[22m","timestamp":"2023-10-06 18:16:59"}
{"level":"info","message":"\u001b[1m\u001b[42m Redis连接成功 \u001b[49m\u001b[22m","timestamp":"2023-10-06 18:16:59"}
{"level":"info","message":"\u001b[1m\u001b[42m API服务启动成功 端口8002\u001b[49m\u001b[22m ","timestamp":"2023-10-06 18:16:59"}
{"level":"info","message":"\u001b[1m\u001b[42m 数据库连接成功 \u001b[49m\u001b[22m","timestamp":"2023-10-06 18:17:47"}
{"level":"info","message":"\u001b[1m\u001b[42m Redis连接成功 \u001b[49m\u001b[22m","timestamp":"2023-10-06 18:17:47"}
{"level":"info","message":"\u001b[1m\u001b[42m API服务启动成功 端口8002\u001b[49m\u001b[22m ","timestamp":"2023-10-06 18:17:47"}
{"level":"info","message":"\u001b[1m\u001b[42m 数据库连接成功 \u001b[49m\u001b[22m","timestamp":"2023-10-06 18:19:17"}
{"level":"info","message":"\u001b[1m\u001b[42m Redis连接成功 \u001b[49m\u001b[22m","timestamp":"2023-10-06 18:19:17"}
{"level":"info","message":"\u001b[1m\u001b[42m API服务启动成功 端口8002\u001b[49m\u001b[22m ","timestamp":"2023-10-06 18:19:17"}
{"level":"info","message":"\u001b[1m\u001b[42m 数据库连接成功 \u001b[49m\u001b[22m","timestamp":"2023-10-06 18:19:25"}
{"level":"info","message":"\u001b[1m\u001b[42m Redis连接成功 \u001b[49m\u001b[22m","timestamp":"2023-10-06 18:19:25"}
{"level":"info","message":"\u001b[1m\u001b[42m API服务启动成功 端口8002\u001b[49m\u001b[22m ","timestamp":"2023-10-06 18:19:25"}
{"level":"info","message":"\u001b[1m\u001b[42m 数据库连接成功 \u001b[49m\u001b[22m","timestamp":"2023-10-09 09:26:45"}
{"level":"error","message":"\u001b[1m\u001b[41m Redis连接失败 \u001b[49m\u001b[22m","timestamp":"2023-10-09 09:26:45"}
{"address":"127.0.0.1","code":"ECONNREFUSED","errno":-4078,"level":"error","port":6379,"syscall":"connect","timestamp":"2023-10-09 09:26:45"}
{"level":"info","message":"\u001b[1m\u001b[42m API服务启动成功 端口8002\u001b[49m\u001b[22m ","timestamp":"2023-10-09 09:26:45"}
{"level":"info","message":"\u001b[1m\u001b[42m 数据库连接成功 \u001b[49m\u001b[22m","timestamp":"2023-10-09 09:27:52"}
{"level":"error","message":"\u001b[1m\u001b[41m Redis连接失败 \u001b[49m\u001b[22m","timestamp":"2023-10-09 09:27:52"}
{"address":"127.0.0.1","code":"ECONNREFUSED","errno":-4078,"level":"error","port":6379,"syscall":"connect","timestamp":"2023-10-09 09:27:52"}
{"level":"info","message":"\u001b[1m\u001b[42m API服务启动成功 端口8002\u001b[49m\u001b[22m ","timestamp":"2023-10-09 09:27:52"}
{"level":"info","message":"\u001b[1m\u001b[42m 数据库连接成功 \u001b[49m\u001b[22m","timestamp":"2023-10-09 09:28:04"}
{"level":"error","message":"\u001b[1m\u001b[42m 服务器出错: connect ECONNREFUSED 127.0.0.1:6379 \u001b[49m\u001b[22m","timestamp":"2023-10-09 09:28:04"}
{"level":"info","message":"\u001b[1m\u001b[42m 数据库连接成功 \u001b[49m\u001b[22m","timestamp":"2023-10-09 09:28:21"}
{"level":"error","message":"\u001b[1m\u001b[41m 服务器出错: connect ECONNREFUSED 127.0.0.1:6379 \u001b[49m\u001b[22m","timestamp":"2023-10-09 09:28:21"}
{"level":"info","message":"\u001b[1m\u001b[42m 数据库连接成功 \u001b[49m\u001b[22m","timestamp":"2023-10-09 09:29:51"}
{"level":"info","message":"\u001b[1m\u001b[42m Redis连接成功 \u001b[49m\u001b[22m","timestamp":"2023-10-09 09:29:51"}
{"level":"info","message":"\u001b[1m\u001b[42m API服务启动成功 端口8002\u001b[49m\u001b[22m ","timestamp":"2023-10-09 09:29:51"}
{"level":"info","message":"\u001b[1m\u001b[42m 数据库连接成功 \u001b[49m\u001b[22m","timestamp":"2023-10-09 09:30:35"}
{"level":"info","message":"\u001b[1m\u001b[42m Redis连接成功 \u001b[49m\u001b[22m","timestamp":"2023-10-09 09:30:35"}
{"level":"info","message":"\u001b[1m\u001b[42m API服务启动成功 8002端口 \u001b[49m\u001b[22m ","timestamp":"2023-10-09 09:30:35"}
{"level":"info","message":"\u001b[1m\u001b[42m 数据库连接成功 \u001b[49m\u001b[22m","timestamp":"2023-10-09 09:54:46"}
{"level":"info","message":"\u001b[1m\u001b[42m Redis连接成功 \u001b[49m\u001b[22m","timestamp":"2023-10-09 09:54:46"}
{"level":"info","message":"\u001b[1m\u001b[42m API服务启动成功 8002端口 \u001b[49m\u001b[22m ","timestamp":"2023-10-09 09:54:46"}
{"level":"info","message":"\u001b[1m\u001b[42m 数据库连接成功 \u001b[49m\u001b[22m","timestamp":"2023-10-11 14:59:26"}
{"level":"error","message":"\u001b[1m\u001b[41m 服务器出错: connect ECONNREFUSED 127.0.0.1:6379 \u001b[49m\u001b[22m","timestamp":"2023-10-11 14:59:26"}
{"level":"info","message":"\u001b[1m\u001b[42m 数据库连接成功 \u001b[49m\u001b[22m","timestamp":"2023-10-11 15:01:25"}
{"level":"info","message":"\u001b[1m\u001b[42m Redis连接成功 \u001b[49m\u001b[22m","timestamp":"2023-10-11 15:01:25"}
{"level":"info","message":"\u001b[1m\u001b[42m API服务启动成功 8002端口 \u001b[49m\u001b[22m ","timestamp":"2023-10-11 15:01:25"}
{"level":"info","message":"\u001b[1m\u001b[42m 数据库连接成功 \u001b[49m\u001b[22m","timestamp":"2023-10-11 15:02:16"}
{"level":"info","message":"\u001b[1m\u001b[42m Redis连接成功 \u001b[49m\u001b[22m","timestamp":"2023-10-11 15:02:16"}
{"level":"info","message":"\u001b[1m\u001b[42m API服务启动成功 8002端口 \u001b[49m\u001b[22m ","timestamp":"2023-10-11 15:02:16"}
{"level":"info","message":"\u001b[1m\u001b[42m 数据库连接成功 \u001b[49m\u001b[22m","timestamp":"2023-10-11 15:03:50"}
{"level":"info","message":"\u001b[1m\u001b[42m Redis连接成功 \u001b[49m\u001b[22m","timestamp":"2023-10-11 15:03:50"}
{"level":"info","message":"\u001b[1m\u001b[42m API服务启动成功 8002端口 \u001b[49m\u001b[22m ","timestamp":"2023-10-11 15:03:50"}
{"level":"info","message":"\u001b[1m\u001b[42m 数据库连接成功 \u001b[49m\u001b[22m","timestamp":"2023-10-13 15:31:05"}
{"level":"info","message":"\u001b[1m\u001b[42m Redis连接成功 \u001b[49m\u001b[22m","timestamp":"2023-10-13 15:31:05"}
{"level":"info","message":"\u001b[1m\u001b[42m API服务启动成功 8002端口 \u001b[49m\u001b[22m ","timestamp":"2023-10-13 15:31:05"}
{"level":"info","message":"\u001b[1m\u001b[42m 数据库连接成功 \u001b[49m\u001b[22m","timestamp":"2023-10-14 15:27:01"}
{"level":"info","message":"\u001b[1m\u001b[42m Redis连接成功 \u001b[49m\u001b[22m","timestamp":"2023-10-14 15:27:01"}
{"level":"info","message":"\u001b[1m\u001b[42m API服务启动成功 8002端口 \u001b[49m\u001b[22m ","timestamp":"2023-10-14 15:27:01"}
{"level":"info","message":"\u001b[1m\u001b[42m 数据库连接成功 \u001b[49m\u001b[22m","timestamp":"2023-10-15 10:33:03"}
{"level":"error","message":"\u001b[1m\u001b[41m 服务器出错: connect ECONNREFUSED 127.0.0.1:6379 \u001b[49m\u001b[22m","timestamp":"2023-10-15 10:33:03"}
{"level":"info","message":"\u001b[1m\u001b[42m 数据库连接成功 \u001b[49m\u001b[22m","timestamp":"2023-10-15 10:33:22"}
{"level":"info","message":"\u001b[1m\u001b[42m Redis连接成功 \u001b[49m\u001b[22m","timestamp":"2023-10-15 10:33:22"}
{"level":"info","message":"\u001b[1m\u001b[42m API服务启动成功 8002端口 \u001b[49m\u001b[22m ","timestamp":"2023-10-15 10:33:22"}
{"level":"info","message":"\u001b[1m\u001b[42m 数据库连接成功 \u001b[49m\u001b[22m","timestamp":"2023-10-17 15:49:12"}
{"level":"info","message":"\u001b[1m\u001b[42m Redis连接成功 \u001b[49m\u001b[22m","timestamp":"2023-10-17 15:49:12"}
{"level":"info","message":"\u001b[1m\u001b[42m API服务启动成功 8002端口 \u001b[49m\u001b[22m ","timestamp":"2023-10-17 15:49:12"}
{"level":"info","message":"\u001b[1m\u001b[42m 数据库连接成功 \u001b[49m\u001b[22m","timestamp":"2023-10-18 09:46:44"}
{"level":"info","message":"\u001b[1m\u001b[42m Redis连接成功 \u001b[49m\u001b[22m","timestamp":"2023-10-18 09:46:44"}
{"level":"info","message":"\u001b[1m\u001b[42m API服务启动成功 8002端口 \u001b[49m\u001b[22m ","timestamp":"2023-10-18 09:46:44"}
{"level":"info","message":"\u001b[1m\u001b[42m 数据库连接成功 \u001b[49m\u001b[22m","timestamp":"2023-10-24 09:43:41"}
{"level":"info","message":"\u001b[1m\u001b[42m Redis连接成功 \u001b[49m\u001b[22m","timestamp":"2023-10-24 09:43:41"}
{"level":"info","message":"\u001b[1m\u001b[42m API服务启动成功 8002端口 \u001b[49m\u001b[22m ","timestamp":"2023-10-24 09:43:41"}
{"level":"info","message":"\u001b[1m\u001b[42m 数据库连接成功 \u001b[49m\u001b[22m","timestamp":"2023-10-25 09:37:48"}
{"level":"info","message":"\u001b[1m\u001b[42m Redis连接成功 \u001b[49m\u001b[22m","timestamp":"2023-10-25 09:37:48"}
{"level":"info","message":"\u001b[1m\u001b[42m API服务启动成功 8002端口 \u001b[49m\u001b[22m ","timestamp":"2023-10-25 09:37:48"}
{"level":"info","message":"\u001b[1m\u001b[42m 数据库连接成功 \u001b[49m\u001b[22m","timestamp":"2023-10-25 15:15:38"}
{"level":"info","message":"\u001b[1m\u001b[42m Redis连接成功 \u001b[49m\u001b[22m","timestamp":"2023-10-25 15:15:39"}
{"level":"info","message":"\u001b[1m\u001b[42m API服务启动成功 8002端口 \u001b[49m\u001b[22m ","timestamp":"2023-10-25 15:15:39"}
{"level":"info","message":"\u001b[1m\u001b[42m 数据库连接成功 \u001b[49m\u001b[22m","timestamp":"2023-10-25 15:16:26"}
{"level":"info","message":"\u001b[1m\u001b[42m Redis连接成功 \u001b[49m\u001b[22m","timestamp":"2023-10-25 15:16:26"}
{"level":"info","message":"\u001b[1m\u001b[42m API服务启动成功 8002端口 \u001b[49m\u001b[22m ","timestamp":"2023-10-25 15:16:26"}
{"level":"info","message":"\u001b[1m\u001b[42m 数据库连接成功 \u001b[49m\u001b[22m","timestamp":"2023-10-25 15:17:11"}
{"level":"info","message":"\u001b[1m\u001b[42m Redis连接成功 \u001b[49m\u001b[22m","timestamp":"2023-10-25 15:17:11"}
{"level":"info","message":"\u001b[1m\u001b[42m API服务启动成功 8002端口 \u001b[49m\u001b[22m ","timestamp":"2023-10-25 15:17:11"}
{"level":"info","message":"\u001b[1m\u001b[42m 数据库连接成功 \u001b[49m\u001b[22m","timestamp":"2023-10-25 15:17:28"}
{"level":"info","message":"\u001b[1m\u001b[42m Redis连接成功 \u001b[49m\u001b[22m","timestamp":"2023-10-25 15:17:28"}
{"level":"info","message":"\u001b[1m\u001b[42m API服务启动成功 8002端口 \u001b[49m\u001b[22m ","timestamp":"2023-10-25 15:17:28"}
{"level":"info","message":"\u001b[1m\u001b[42m 数据库连接成功 \u001b[49m\u001b[22m","timestamp":"2023-10-25 16:01:44"}
{"level":"info","message":"\u001b[1m\u001b[42m Redis连接成功 \u001b[49m\u001b[22m","timestamp":"2023-10-25 16:01:44"}
{"level":"info","message":"\u001b[1m\u001b[42m API服务启动成功 8002端口 \u001b[49m\u001b[22m ","timestamp":"2023-10-25 16:01:44"}
{"level":"info","message":"\u001b[1m\u001b[42m 数据库连接成功 \u001b[49m\u001b[22m","timestamp":"2023-10-25 16:02:29"}
{"level":"info","message":"\u001b[1m\u001b[42m Redis连接成功 \u001b[49m\u001b[22m","timestamp":"2023-10-25 16:02:29"}
{"level":"info","message":"\u001b[1m\u001b[42m API服务启动成功 8002端口 \u001b[49m\u001b[22m ","timestamp":"2023-10-25 16:02:29"}
{"level":"info","message":"\u001b[1m\u001b[42m 数据库连接成功 \u001b[49m\u001b[22m","timestamp":"2023-10-25 16:02:37"}
{"level":"info","message":"\u001b[1m\u001b[42m Redis连接成功 \u001b[49m\u001b[22m","timestamp":"2023-10-25 16:02:37"}
{"level":"info","message":"\u001b[1m\u001b[42m API服务启动成功 8002端口 \u001b[49m\u001b[22m ","timestamp":"2023-10-25 16:02:37"}
{"level":"info","message":"\u001b[1m\u001b[42m 数据库连接成功 \u001b[49m\u001b[22m","timestamp":"2023-10-25 16:03:14"}
{"level":"info","message":"\u001b[1m\u001b[42m Redis连接成功 \u001b[49m\u001b[22m","timestamp":"2023-10-25 16:03:14"}
{"level":"info","message":"\u001b[1m\u001b[42m API服务启动成功 8002端口 \u001b[49m\u001b[22m ","timestamp":"2023-10-25 16:03:14"}
{"level":"info","message":"\u001b[1m\u001b[42m 数据库连接成功 \u001b[49m\u001b[22m","timestamp":"2023-10-25 16:16:29"}
{"level":"info","message":"\u001b[1m\u001b[42m Redis连接成功 \u001b[49m\u001b[22m","timestamp":"2023-10-25 16:16:29"}
{"level":"info","message":"\u001b[1m\u001b[42m API服务启动成功 8002端口 \u001b[49m\u001b[22m ","timestamp":"2023-10-25 16:16:29"}
{"level":"info","message":"\u001b[1m\u001b[42m 数据库连接成功 \u001b[49m\u001b[22m","timestamp":"2023-10-25 16:16:45"}
{"level":"info","message":"\u001b[1m\u001b[42m Redis连接成功 \u001b[49m\u001b[22m","timestamp":"2023-10-25 16:16:45"}
{"level":"info","message":"\u001b[1m\u001b[42m API服务启动成功 8002端口 \u001b[49m\u001b[22m ","timestamp":"2023-10-25 16:16:45"}
{"level":"info","message":"\u001b[1m\u001b[42m 数据库连接成功 \u001b[49m\u001b[22m","timestamp":"2023-10-25 16:25:21"}
{"level":"info","message":"\u001b[1m\u001b[42m Redis连接成功 \u001b[49m\u001b[22m","timestamp":"2023-10-25 16:25:21"}
{"level":"info","message":"\u001b[1m\u001b[42m API服务启动成功 8002端口 \u001b[49m\u001b[22m ","timestamp":"2023-10-25 16:25:21"}
{"level":"info","message":"\u001b[1m\u001b[42m 数据库连接成功 \u001b[49m\u001b[22m","timestamp":"2023-10-25 16:32:02"}
{"level":"info","message":"\u001b[1m\u001b[42m Redis连接成功 \u001b[49m\u001b[22m","timestamp":"2023-10-25 16:32:02"}
{"level":"info","message":"\u001b[1m\u001b[42m API服务启动成功 8002端口 \u001b[49m\u001b[22m ","timestamp":"2023-10-25 16:32:02"}
{"level":"info","message":"\u001b[1m\u001b[42m 数据库连接成功 \u001b[49m\u001b[22m","timestamp":"2023-10-25 16:32:26"}
{"level":"info","message":"\u001b[1m\u001b[42m Redis连接成功 \u001b[49m\u001b[22m","timestamp":"2023-10-25 16:32:26"}
{"level":"info","message":"\u001b[1m\u001b[42m API服务启动成功 8002端口 \u001b[49m\u001b[22m ","timestamp":"2023-10-25 16:32:26"}
{"level":"info","message":"\u001b[1m\u001b[42m 数据库连接成功 \u001b[49m\u001b[22m","timestamp":"2023-10-25 16:33:22"}
{"level":"info","message":"\u001b[1m\u001b[42m Redis连接成功 \u001b[49m\u001b[22m","timestamp":"2023-10-25 16:33:22"}
{"level":"info","message":"\u001b[1m\u001b[42m API服务启动成功 8002端口 \u001b[49m\u001b[22m ","timestamp":"2023-10-25 16:33:22"}
{"level":"info","message":"\u001b[1m\u001b[42m 数据库连接成功 \u001b[49m\u001b[22m","timestamp":"2023-10-25 16:33:31"}
{"level":"info","message":"\u001b[1m\u001b[42m Redis连接成功 \u001b[49m\u001b[22m","timestamp":"2023-10-25 16:33:31"}
{"level":"info","message":"\u001b[1m\u001b[42m API服务启动成功 8002端口 \u001b[49m\u001b[22m ","timestamp":"2023-10-25 16:33:31"}
{"level":"info","message":"\u001b[1m\u001b[42m 数据库连接成功 \u001b[49m\u001b[22m","timestamp":"2023-10-25 20:01:31"}
{"level":"info","message":"\u001b[1m\u001b[42m Redis连接成功 \u001b[49m\u001b[22m","timestamp":"2023-10-25 20:01:31"}
{"level":"info","message":"\u001b[1m\u001b[42m API服务启动成功 8002端口 \u001b[49m\u001b[22m ","timestamp":"2023-10-25 20:01:31"}
{"level":"info","message":"\u001b[1m\u001b[42m 数据库连接成功 \u001b[49m\u001b[22m","timestamp":"2023-10-25 20:02:16"}
{"level":"info","message":"\u001b[1m\u001b[42m Redis连接成功 \u001b[49m\u001b[22m","timestamp":"2023-10-25 20:02:16"}
{"level":"info","message":"\u001b[1m\u001b[42m API服务启动成功 8002端口 \u001b[49m\u001b[22m ","timestamp":"2023-10-25 20:02:16"}
{"level":"info","message":"\u001b[1m\u001b[42m 数据库连接成功 \u001b[49m\u001b[22m","timestamp":"2023-10-25 20:02:32"}
{"level":"info","message":"\u001b[1m\u001b[42m Redis连接成功 \u001b[49m\u001b[22m","timestamp":"2023-10-25 20:02:32"}
{"level":"info","message":"\u001b[1m\u001b[42m API服务启动成功 8002端口 \u001b[49m\u001b[22m ","timestamp":"2023-10-25 20:02:32"}
{"level":"info","message":"\u001b[1m\u001b[42m 数据库连接成功 \u001b[49m\u001b[22m","timestamp":"2023-10-26 10:27:11"}
{"level":"error","message":"\u001b[1m\u001b[41m 服务器出错: connect ECONNREFUSED 127.0.0.1:6379 \u001b[49m\u001b[22m","timestamp":"2023-10-26 10:27:11"}
{"level":"info","message":"\u001b[1m\u001b[42m 数据库连接成功 \u001b[49m\u001b[22m","timestamp":"2023-10-26 10:27:37"}
{"level":"info","message":"\u001b[1m\u001b[42m Redis连接成功 \u001b[49m\u001b[22m","timestamp":"2023-10-26 10:27:37"}
{"level":"info","message":"\u001b[1m\u001b[42m API服务启动成功 8002端口 \u001b[49m\u001b[22m ","timestamp":"2023-10-26 10:27:37"}
{"level":"info","message":"\u001b[1m\u001b[42m 数据库连接成功 \u001b[49m\u001b[22m","timestamp":"2023-10-26 17:24:25"}
{"level":"info","message":"\u001b[1m\u001b[42m Redis连接成功 \u001b[49m\u001b[22m","timestamp":"2023-10-26 17:24:25"}
{"level":"info","message":"\u001b[1m\u001b[42m API服务启动成功 8002端口 \u001b[49m\u001b[22m ","timestamp":"2023-10-26 17:24:25"}
{"level":"info","message":"\u001b[1m\u001b[42m 数据库连接成功 \u001b[49m\u001b[22m","timestamp":"2023-10-27 08:57:20"}
{"level":"error","message":"\u001b[1m\u001b[41m 服务器出错: connect ECONNREFUSED 127.0.0.1:6379 \u001b[49m\u001b[22m","timestamp":"2023-10-27 08:57:20"}
{"level":"info","message":"\u001b[1m\u001b[42m 数据库连接成功 \u001b[49m\u001b[22m","timestamp":"2023-10-27 08:57:44"}
{"level":"info","message":"\u001b[1m\u001b[42m Redis连接成功 \u001b[49m\u001b[22m","timestamp":"2023-10-27 08:57:44"}
{"level":"info","message":"\u001b[1m\u001b[42m API服务启动成功 8002端口 \u001b[49m\u001b[22m ","timestamp":"2023-10-27 08:57:44"}
{"level":"info","message":"\u001b[1m\u001b[42m 数据库连接成功 \u001b[49m\u001b[22m","timestamp":"2023-11-05 14:54:28"}
{"level":"error","message":"\u001b[1m\u001b[41m 服务器出错: connect ECONNREFUSED 127.0.0.1:6379 \u001b[49m\u001b[22m","timestamp":"2023-11-05 14:54:28"}
{"level":"info","message":"\u001b[1m\u001b[42m 数据库连接成功 \u001b[49m\u001b[22m","timestamp":"2023-11-05 15:03:55"}
{"level":"info","message":"\u001b[1m\u001b[42m Redis连接成功 \u001b[49m\u001b[22m","timestamp":"2023-11-05 15:03:55"}
{"level":"info","message":"\u001b[1m\u001b[42m API服务启动成功 8002端口 \u001b[49m\u001b[22m ","timestamp":"2023-11-05 15:03:55"}
{"level":"info","message":"\u001b[1m\u001b[42m 数据库连接成功 \u001b[49m\u001b[22m","timestamp":"2023-11-05 21:43:17"}
{"level":"info","message":"\u001b[1m\u001b[42m Redis连接成功 \u001b[49m\u001b[22m","timestamp":"2023-11-05 21:43:17"}
{"level":"info","message":"\u001b[1m\u001b[42m API服务启动成功 8002端口 \u001b[49m\u001b[22m ","timestamp":"2023-11-05 21:43:17"}
{"level":"info","message":"\u001b[1m\u001b[42m 数据库连接成功 \u001b[49m\u001b[22m","timestamp":"2023-11-05 23:00:56"}
{"level":"info","message":"\u001b[1m\u001b[42m Redis连接成功 \u001b[49m\u001b[22m","timestamp":"2023-11-05 23:00:56"}
{"level":"info","message":"\u001b[1m\u001b[42m API服务启动成功 8002端口 \u001b[49m\u001b[22m ","timestamp":"2023-11-05 23:00:56"}
{"level":"info","message":"\u001b[1m\u001b[42m 数据库连接成功 \u001b[49m\u001b[22m","timestamp":"2023-11-06 14:31:22"}
{"level":"info","message":"\u001b[1m\u001b[42m Redis连接成功 \u001b[49m\u001b[22m","timestamp":"2023-11-06 14:31:22"}
{"level":"info","message":"\u001b[1m\u001b[42m API服务启动成功 8002端口 \u001b[49m\u001b[22m ","timestamp":"2023-11-06 14:31:22"}
{"level":"info","message":"\u001b[1m\u001b[42m 数据库连接成功 \u001b[49m\u001b[22m","timestamp":"2023-11-07 09:45:00"}
{"level":"info","message":"\u001b[1m\u001b[42m Redis连接成功 \u001b[49m\u001b[22m","timestamp":"2023-11-07 09:45:00"}
{"level":"info","message":"\u001b[1m\u001b[42m API服务启动成功 8002端口 \u001b[49m\u001b[22m ","timestamp":"2023-11-07 09:45:00"}
{"level":"info","message":"\u001b[1m\u001b[42m 数据库连接成功 \u001b[49m\u001b[22m","timestamp":"2023-11-07 14:42:50"}
{"level":"info","message":"\u001b[1m\u001b[42m Redis连接成功 \u001b[49m\u001b[22m","timestamp":"2023-11-07 14:42:50"}
{"level":"info","message":"\u001b[1m\u001b[42m API服务启动成功 8002端口 \u001b[49m\u001b[22m ","timestamp":"2023-11-07 14:42:50"}
{"level":"info","message":"\u001b[1m\u001b[42m 数据库连接成功 \u001b[49m\u001b[22m","timestamp":"2023-11-07 17:03:44"}
{"level":"info","message":"\u001b[1m\u001b[42m Redis连接成功 \u001b[49m\u001b[22m","timestamp":"2023-11-07 17:03:44"}
{"level":"info","message":"\u001b[1m\u001b[42m API服务启动成功 8002端口 \u001b[49m\u001b[22m ","timestamp":"2023-11-07 17:03:44"}
{"level":"info","message":"\u001b[1m\u001b[42m 数据库连接成功 \u001b[49m\u001b[22m","timestamp":"2023-11-08 09:04:38"}
{"level":"info","message":"\u001b[1m\u001b[42m Redis连接成功 \u001b[49m\u001b[22m","timestamp":"2023-11-08 09:04:38"}
{"level":"info","message":"\u001b[1m\u001b[42m API服务启动成功 8002端口 \u001b[49m\u001b[22m ","timestamp":"2023-11-08 09:04:38"}
{"level":"info","message":"\u001b[1m\u001b[42m 数据库连接成功 \u001b[49m\u001b[22m","timestamp":"2023-11-08 22:05:32"}
{"level":"info","message":"\u001b[1m\u001b[42m Redis连接成功 \u001b[49m\u001b[22m","timestamp":"2023-11-08 22:05:32"}
{"level":"info","message":"\u001b[1m\u001b[42m API服务启动成功 8002端口 \u001b[49m\u001b[22m ","timestamp":"2023-11-08 22:05:32"}
{"level":"info","message":"\u001b[1m\u001b[42m 数据库连接成功 \u001b[49m\u001b[22m","timestamp":"2023-11-09 09:26:51"}
{"level":"info","message":"\u001b[1m\u001b[42m Redis连接成功 \u001b[49m\u001b[22m","timestamp":"2023-11-09 09:26:51"}
{"level":"info","message":"\u001b[1m\u001b[42m API服务启动成功 8002端口 \u001b[49m\u001b[22m ","timestamp":"2023-11-09 09:26:51"}
{"level":"info","message":"\u001b[1m\u001b[42m 数据库连接成功 \u001b[49m\u001b[22m","timestamp":"2023-11-10 11:47:05"}
{"level":"error","message":"\u001b[1m\u001b[41m 服务器出错: connect ECONNREFUSED 127.0.0.1:6379 \u001b[49m\u001b[22m","timestamp":"2023-11-10 11:47:05"}
{"level":"info","message":"\u001b[1m\u001b[42m 数据库连接成功 \u001b[49m\u001b[22m","timestamp":"2023-11-10 11:47:15"}
{"level":"info","message":"\u001b[1m\u001b[42m Redis连接成功 \u001b[49m\u001b[22m","timestamp":"2023-11-10 11:47:15"}
{"level":"info","message":"\u001b[1m\u001b[42m API服务启动成功 8002端口 \u001b[49m\u001b[22m ","timestamp":"2023-11-10 11:47:15"}
{"level":"info","message":"\u001b[1m\u001b[42m 数据库连接成功 \u001b[49m\u001b[22m","timestamp":"2023-11-15 10:21:45"}
{"level":"info","message":"\u001b[1m\u001b[42m Redis连接成功 \u001b[49m\u001b[22m","timestamp":"2023-11-15 10:21:45"}
{"level":"info","message":"\u001b[1m\u001b[42m API服务启动成功 8002端口 \u001b[49m\u001b[22m ","timestamp":"2023-11-15 10:21:45"}
{"level":"info","message":"\u001b[1m\u001b[42m 数据库连接成功 \u001b[49m\u001b[22m","timestamp":"2023-11-22 16:23:05"}
{"level":"error","message":"\u001b[1m\u001b[41m 服务器出错: connect ECONNREFUSED 127.0.0.1:6379 \u001b[49m\u001b[22m","timestamp":"2023-11-22 16:23:05"}
{"level":"info","message":"\u001b[1m\u001b[42m 数据库连接成功 \u001b[49m\u001b[22m","timestamp":"2023-11-22 16:24:22"}
{"level":"error","message":"\u001b[1m\u001b[41m 服务器出错: connect ECONNREFUSED 127.0.0.1:6379 \u001b[49m\u001b[22m","timestamp":"2023-11-22 16:24:22"}
{"level":"info","message":"\u001b[1m\u001b[42m 数据库连接成功 \u001b[49m\u001b[22m","timestamp":"2023-11-22 16:26:04"}
{"level":"info","message":"\u001b[1m\u001b[42m Redis连接成功 \u001b[49m\u001b[22m","timestamp":"2023-11-22 16:26:04"}
{"level":"info","message":"\u001b[1m\u001b[42m API服务启动成功 8002端口 \u001b[49m\u001b[22m ","timestamp":"2023-11-22 16:26:04"}
{"level":"info","message":"\u001b[1m\u001b[42m 数据库连接成功 \u001b[49m\u001b[22m","timestamp":"2023-11-22 17:13:25"}
{"level":"info","message":"\u001b[1m\u001b[42m Redis连接成功 \u001b[49m\u001b[22m","timestamp":"2023-11-22 17:13:25"}
{"level":"info","message":"\u001b[1m\u001b[42m API服务启动成功 8002端口 \u001b[49m\u001b[22m ","timestamp":"2023-11-22 17:13:25"}
{"level":"info","message":"\u001b[1m\u001b[42m 数据库连接成功 \u001b[49m\u001b[22m","timestamp":"2023-11-23 18:25:21"}
{"level":"info","message":"\u001b[1m\u001b[42m Redis连接成功 \u001b[49m\u001b[22m","timestamp":"2023-11-23 18:25:21"}
{"level":"info","message":"\u001b[1m\u001b[42m API服务启动成功 8002端口 \u001b[49m\u001b[22m ","timestamp":"2023-11-23 18:25:21"}
{"level":"error","message":"\u001b[1m\u001b[41m 服务器出错: Connection lost: The server closed the connection. \u001b[49m\u001b[22m","timestamp":"2023-11-24 21:41:50"}
{"level":"error","message":"\u001b[1m\u001b[41m 服务器出错: Connection lost: The server closed the connection. \u001b[49m\u001b[22m","timestamp":"2023-11-24 21:44:15"}
{"level":"error","message":"\u001b[1m\u001b[41m 服务器出错: Connection lost: The server closed the connection. \u001b[49m\u001b[22m","timestamp":"2023-11-24 21:45:57"}
{"level":"info","message":"\u001b[1m\u001b[42m 数据库连接成功 \u001b[49m\u001b[22m","timestamp":"2023-11-25 09:01:53"}
{"level":"info","message":"\u001b[1m\u001b[42m API服务启动成功 8002端口 \u001b[49m\u001b[22m ","timestamp":"2023-11-25 09:01:53"}
{"level":"info","message":"\u001b[1m\u001b[42m 数据库连接成功 \u001b[49m\u001b[22m","timestamp":"2023-11-25 17:27:51"}
{"level":"info","message":"\u001b[1m\u001b[42m API服务启动成功 8002端口 \u001b[49m\u001b[22m ","timestamp":"2023-11-25 17:27:51"}
{"level":"info","message":"\u001b[1m\u001b[42m 数据库连接成功 \u001b[49m\u001b[22m","timestamp":"2023-11-25 21:46:20"}
{"level":"info","message":"\u001b[1m\u001b[42m API服务启动成功 8002端口 \u001b[49m\u001b[22m ","timestamp":"2023-11-25 21:46:20"}
{"level":"info","message":"\u001b[1m\u001b[42m 数据库连接成功 \u001b[49m\u001b[22m","timestamp":"2023-11-26 09:18:02"}
{"level":"info","message":"\u001b[1m\u001b[42m API服务启动成功 8002端口 \u001b[49m\u001b[22m ","timestamp":"2023-11-26 09:18:02"}
{"level":"info","message":"\u001b[1m\u001b[42m 数据库连接成功 \u001b[49m\u001b[22m","timestamp":"2023-11-27 19:02:32"}
{"level":"info","message":"\u001b[1m\u001b[42m API服务启动成功 8002端口 \u001b[49m\u001b[22m ","timestamp":"2023-11-27 19:02:32"}
{"level":"info","message":"\u001b[1m\u001b[42m 数据库连接成功 \u001b[49m\u001b[22m","timestamp":"2023-11-27 20:43:32"}
{"level":"info","message":"\u001b[1m\u001b[42m API服务启动成功 8002端口 \u001b[49m\u001b[22m ","timestamp":"2023-11-27 20:43:32"}
{"level":"info","message":"\u001b[1m\u001b[42m 数据库连接成功 \u001b[49m\u001b[22m","timestamp":"2023-11-28 12:30:59"}
{"level":"info","message":"\u001b[1m\u001b[42m API服务启动成功 8002端口 \u001b[49m\u001b[22m ","timestamp":"2023-11-28 12:30:59"}
{"level":"info","message":"\u001b[1m\u001b[42m 数据库连接成功 \u001b[49m\u001b[22m","timestamp":"2023-11-29 09:53:12"}
{"level":"info","message":"\u001b[1m\u001b[42m API服务启动成功 8002端口 \u001b[49m\u001b[22m ","timestamp":"2023-11-29 09:53:12"}
{"level":"info","message":"\u001b[1m\u001b[42m 数据库连接成功 \u001b[49m\u001b[22m","timestamp":"2023-11-29 12:26:54"}
{"level":"info","message":"\u001b[1m\u001b[42m API服务启动成功 8002端口 \u001b[49m\u001b[22m ","timestamp":"2023-11-29 12:26:54"}
{"level":"info","message":"\u001b[1m\u001b[42m 数据库连接成功 \u001b[49m\u001b[22m","timestamp":"2023-12-03 16:53:12"}
{"level":"info","message":"\u001b[1m\u001b[42m API服务启动成功 8002端口 \u001b[49m\u001b[22m ","timestamp":"2023-12-03 16:53:12"}
{"level":"info","message":"\u001b[1m\u001b[42m 数据库连接成功 \u001b[49m\u001b[22m","timestamp":"2023-12-04 15:45:22"}
{"level":"info","message":"\u001b[1m\u001b[42m API服务启动成功 8002端口 \u001b[49m\u001b[22m ","timestamp":"2023-12-04 15:45:22"}
{"level":"info","message":"\u001b[1m\u001b[42m 数据库连接成功 \u001b[49m\u001b[22m","timestamp":"2023-12-05 19:25:56"}
{"level":"info","message":"\u001b[1m\u001b[42m API服务启动成功 8002端口 \u001b[49m\u001b[22m ","timestamp":"2023-12-05 19:25:56"}
{"level":"info","message":"\u001b[1m\u001b[42m 数据库连接成功 \u001b[49m\u001b[22m","timestamp":"2023-12-06 16:26:11"}
{"level":"info","message":"\u001b[1m\u001b[42m API服务启动成功 8002端口 \u001b[49m\u001b[22m ","timestamp":"2023-12-06 16:26:11"}
{"level":"error","message":"\u001b[1m\u001b[41m 服务器出错: Connection lost: The server closed the connection. \u001b[49m\u001b[22m","timestamp":"2023-12-08 21:08:21"}
{"level":"error","message":"\u001b[1m\u001b[41m 服务器出错: Connection lost: The server closed the connection. \u001b[49m\u001b[22m","timestamp":"2023-12-08 21:09:24"}
{"level":"error","message":"\u001b[1m\u001b[41m 服务器出错: Connection lost: The server closed the connection. \u001b[49m\u001b[22m","timestamp":"2023-12-08 21:09:53"}
{"level":"info","message":"\u001b[1m\u001b[42m 数据库连接成功 \u001b[49m\u001b[22m","timestamp":"2023-12-08 21:12:44"}
{"level":"info","message":"\u001b[1m\u001b[42m API服务启动成功 8002端口 \u001b[49m\u001b[22m ","timestamp":"2023-12-08 21:12:44"}
{"level":"error","message":"\u001b[1m\u001b[41m 服务器出错: Connection lost: The server closed the connection. \u001b[49m\u001b[22m","timestamp":"2023-12-11 15:54:42"}
{"level":"error","message":"\u001b[1m\u001b[41m 服务器出错: Connection lost: The server closed the connection. \u001b[49m\u001b[22m","timestamp":"2023-12-11 15:55:24"}
{"level":"error","message":"\u001b[1m\u001b[41m 服务器出错: Connection lost: The server closed the connection. \u001b[49m\u001b[22m","timestamp":"2023-12-11 15:56:00"}
{"level":"info","message":"\u001b[1m\u001b[42m 数据库连接成功 \u001b[49m\u001b[22m","timestamp":"2023-12-11 17:54:35"}
{"level":"info","message":"\u001b[1m\u001b[42m API服务启动成功 8002端口 \u001b[49m\u001b[22m ","timestamp":"2023-12-11 17:54:35"}
{"level":"info","message":"\u001b[1m\u001b[42m 数据库连接成功 \u001b[49m\u001b[22m","timestamp":"2023-12-12 15:23:04"}
{"level":"info","message":"\u001b[1m\u001b[42m API服务启动成功 8002端口 \u001b[49m\u001b[22m ","timestamp":"2023-12-12 15:23:04"}
{"level":"error","message":"\u001b[1m\u001b[41m 服务器出错: Connection lost: The server closed the connection. \u001b[49m\u001b[22m","timestamp":"2023-12-14 16:16:41"}
{"level":"info","message":"\u001b[1m\u001b[42m 数据库连接成功 \u001b[49m\u001b[22m","timestamp":"2023-12-14 17:11:58"}
{"level":"info","message":"\u001b[1m\u001b[42m API服务启动成功 8002端口 \u001b[49m\u001b[22m ","timestamp":"2023-12-14 17:11:58"}
{"level":"info","message":"\u001b[1m\u001b[42m 数据库连接成功 \u001b[49m\u001b[22m","timestamp":"2023-12-15 19:24:06"}
{"level":"info","message":"\u001b[1m\u001b[42m API服务启动成功 8002端口 \u001b[49m\u001b[22m ","timestamp":"2023-12-15 19:24:06"}
{"level":"info","message":"\u001b[1m\u001b[42m 数据库连接成功 \u001b[49m\u001b[22m","timestamp":"2023-12-16 16:04:50"}
{"level":"info","message":"\u001b[1m\u001b[42m API服务启动成功 8002端口 \u001b[49m\u001b[22m ","timestamp":"2023-12-16 16:04:50"}
{"level":"info","message":"\u001b[1m\u001b[42m 数据库连接成功 \u001b[49m\u001b[22m","timestamp":"2023-12-17 10:06:58"}
{"level":"info","message":"\u001b[1m\u001b[42m API服务启动成功 8002端口 \u001b[49m\u001b[22m ","timestamp":"2023-12-17 10:06:58"}
{"level":"info","message":"\u001b[1m\u001b[42m 数据库连接成功 \u001b[49m\u001b[22m","timestamp":"2023-12-18 10:08:54"}
{"level":"info","message":"\u001b[1m\u001b[42m API服务启动成功 8002端口 \u001b[49m\u001b[22m ","timestamp":"2023-12-18 10:08:54"}
{"level":"info","message":"\u001b[1m\u001b[42m 数据库连接成功 \u001b[49m\u001b[22m","timestamp":"2023-12-18 16:51:34"}
{"level":"info","message":"\u001b[1m\u001b[42m API服务启动成功 8002端口 \u001b[49m\u001b[22m ","timestamp":"2023-12-18 16:51:34"}
{"level":"info","message":"\u001b[1m\u001b[42m 数据库连接成功 \u001b[49m\u001b[22m","timestamp":"2023-12-19 17:05:53"}
{"level":"info","message":"\u001b[1m\u001b[42m API服务启动成功 8002端口 \u001b[49m\u001b[22m ","timestamp":"2023-12-19 17:05:53"}
{"level":"info","message":"\u001b[1m\u001b[42m 数据库连接成功 \u001b[49m\u001b[22m","timestamp":"2023-12-21 12:34:59"}
{"level":"info","message":"\u001b[1m\u001b[42m API服务启动成功 8002端口 \u001b[49m\u001b[22m ","timestamp":"2023-12-21 12:34:59"}
{"level":"info","message":"\u001b[1m\u001b[42m 数据库连接成功 \u001b[49m\u001b[22m","timestamp":"2023-12-21 15:58:26"}
{"level":"info","message":"\u001b[1m\u001b[42m API服务启动成功 8002端口 \u001b[49m\u001b[22m ","timestamp":"2023-12-21 15:58:26"}
{"level":"info","message":"\u001b[1m\u001b[42m 数据库连接成功 \u001b[49m\u001b[22m","timestamp":"2023-12-22 16:37:43"}
{"level":"info","message":"\u001b[1m\u001b[42m API服务启动成功 8002端口 \u001b[49m\u001b[22m ","timestamp":"2023-12-22 16:37:43"}
{"level":"info","message":"\u001b[1m\u001b[42m 数据库连接成功 \u001b[49m\u001b[22m","timestamp":"2024-01-05 17:39:37"}
{"level":"info","message":"\u001b[1m\u001b[42m API服务启动成功 8002端口 \u001b[49m\u001b[22m ","timestamp":"2024-01-05 17:39:37"}
{"level":"info","message":"\u001b[1m\u001b[42m 数据库连接成功 \u001b[49m\u001b[22m","timestamp":"2024-01-06 10:46:42"}
{"level":"info","message":"\u001b[1m\u001b[42m API服务启动成功 8002端口 \u001b[49m\u001b[22m ","timestamp":"2024-01-06 10:46:42"}
{"level":"info","message":"\u001b[1m\u001b[42m 数据库连接成功 \u001b[49m\u001b[22m","timestamp":"2024-01-06 10:48:21"}
{"level":"info","message":"\u001b[1m\u001b[42m API服务启动成功 8002端口 \u001b[49m\u001b[22m ","timestamp":"2024-01-06 10:48:21"}
{"level":"info","message":"\u001b[1m\u001b[42m 数据库连接成功 \u001b[49m\u001b[22m","timestamp":"2024-01-06 10:49:37"}
{"level":"info","message":"\u001b[1m\u001b[42m API服务启动成功 8002端口 \u001b[49m\u001b[22m ","timestamp":"2024-01-06 10:49:37"}
{"level":"info","message":"\u001b[1m\u001b[42m 数据库连接成功 \u001b[49m\u001b[22m","timestamp":"2024-01-20 08:53:22"}
{"level":"info","message":"\u001b[1m\u001b[42m API服务启动成功 8002端口 \u001b[49m\u001b[22m ","timestamp":"2024-01-20 08:53:22"}
{"level":"info","message":"\u001b[1m\u001b[42m 数据库连接成功 \u001b[49m\u001b[22m","timestamp":"2024-02-01 17:33:55"}
{"level":"info","message":"\u001b[1m\u001b[42m API服务启动成功 8002端口 \u001b[49m\u001b[22m ","timestamp":"2024-02-01 17:33:55"}
{"level":"info","message":"\u001b[1m\u001b[42m 数据库连接成功 \u001b[49m\u001b[22m","timestamp":"2024-02-17 17:35:37"}
{"level":"info","message":"\u001b[1m\u001b[42m API服务启动成功 8002端口 \u001b[49m\u001b[22m ","timestamp":"2024-02-17 17:35:37"}
{"level":"info","message":"\u001b[1m\u001b[42m 数据库连接成功 \u001b[49m\u001b[22m","timestamp":"2024-02-22 11:52:30"}
{"level":"info","message":"\u001b[1m\u001b[42m API服务启动成功 8002端口 \u001b[49m\u001b[22m ","timestamp":"2024-02-22 11:52:30"}
{"level":"info","message":"\u001b[1m\u001b[42m 数据库连接成功 \u001b[49m\u001b[22m","timestamp":"2024-02-23 17:44:10"}
{"level":"info","message":"\u001b[1m\u001b[42m API服务启动成功 8002端口 \u001b[49m\u001b[22m ","timestamp":"2024-02-23 17:44:10"}
{"level":"info","message":"\u001b[1m\u001b[42m 数据库连接成功 \u001b[49m\u001b[22m","timestamp":"2024-02-24 17:38:21"}
{"level":"info","message":"\u001b[1m\u001b[42m API服务启动成功 8002端口 \u001b[49m\u001b[22m ","timestamp":"2024-02-24 17:38:21"}
{"level":"info","message":"\u001b[1m\u001b[42m 数据库连接成功 \u001b[49m\u001b[22m","timestamp":"2024-02-25 21:04:45"}
{"level":"info","message":"\u001b[1m\u001b[42m API服务启动成功 8002端口 \u001b[49m\u001b[22m ","timestamp":"2024-02-25 21:04:45"}
{"level":"info","message":"\u001b[1m\u001b[42m 数据库连接成功 \u001b[49m\u001b[22m","timestamp":"2024-02-26 17:19:03"}
{"level":"info","message":"\u001b[1m\u001b[42m API服务启动成功 8002端口 \u001b[49m\u001b[22m ","timestamp":"2024-02-26 17:19:03"}
{"level":"info","message":"\u001b[1m\u001b[42m 数据库连接成功 \u001b[49m\u001b[22m","timestamp":"2024-02-26 20:09:47"}
{"level":"info","message":"\u001b[1m\u001b[42m API服务启动成功 8002端口 \u001b[49m\u001b[22m ","timestamp":"2024-02-26 20:09:47"}
{"level":"info","message":"\u001b[1m\u001b[42m 数据库连接成功 \u001b[49m\u001b[22m","timestamp":"2024-02-26 22:20:33"}
{"level":"info","message":"\u001b[1m\u001b[42m API服务启动成功 8002端口 \u001b[49m\u001b[22m ","timestamp":"2024-02-26 22:20:33"}
{"level":"info","message":"\u001b[1m\u001b[42m 数据库连接成功 \u001b[49m\u001b[22m","timestamp":"2024-02-27 10:14:57"}
{"level":"info","message":"\u001b[1m\u001b[42m API服务启动成功 8002端口 \u001b[49m\u001b[22m ","timestamp":"2024-02-27 10:14:57"}
{"level":"info","message":"\u001b[1m\u001b[42m 数据库连接成功 \u001b[49m\u001b[22m","timestamp":"2024-02-27 15:56:48"}
{"level":"info","message":"\u001b[1m\u001b[42m API服务启动成功 8002端口 \u001b[49m\u001b[22m ","timestamp":"2024-02-27 15:56:48"}
{"level":"info","message":"\u001b[1m\u001b[42m 数据库连接成功 \u001b[49m\u001b[22m","timestamp":"2024-02-28 17:17:09"}
{"level":"info","message":"\u001b[1m\u001b[42m API服务启动成功 8002端口 \u001b[49m\u001b[22m ","timestamp":"2024-02-28 17:17:09"}
{"level":"info","message":"\u001b[1m\u001b[42m 数据库连接成功 \u001b[49m\u001b[22m","timestamp":"2024-02-29 15:48:15"}
{"level":"info","message":"\u001b[1m\u001b[42m API服务启动成功 8002端口 \u001b[49m\u001b[22m ","timestamp":"2024-02-29 15:48:15"}
{"level":"info","message":"\u001b[1m\u001b[42m 数据库连接成功 \u001b[49m\u001b[22m","timestamp":"2024-03-01 12:04:13"}
{"level":"info","message":"\u001b[1m\u001b[42m API服务启动成功 8002端口 \u001b[49m\u001b[22m ","timestamp":"2024-03-01 12:04:13"}
{"level":"info","message":"\u001b[1m\u001b[42m 数据库连接成功 \u001b[49m\u001b[22m","timestamp":"2024-03-01 15:17:11"}
{"level":"info","message":"\u001b[1m\u001b[42m API服务启动成功 8002端口 \u001b[49m\u001b[22m ","timestamp":"2024-03-01 15:17:11"}
{"level":"info","message":"\u001b[1m\u001b[42m 数据库连接成功 \u001b[49m\u001b[22m","timestamp":"2024-03-03 16:06:04"}
{"level":"info","message":"\u001b[1m\u001b[42m API服务启动成功 8002端口 \u001b[49m\u001b[22m ","timestamp":"2024-03-03 16:06:04"}
{"level":"info","message":"\u001b[1m\u001b[42m 数据库连接成功 \u001b[49m\u001b[22m","timestamp":"2024-03-04 16:41:58"}
{"level":"info","message":"\u001b[1m\u001b[42m API服务启动成功 8002端口 \u001b[49m\u001b[22m ","timestamp":"2024-03-04 16:41:58"}
{"level":"info","message":"\u001b[1m\u001b[42m 数据库连接成功 \u001b[49m\u001b[22m","timestamp":"2024-03-05 15:35:25"}
{"level":"info","message":"\u001b[1m\u001b[42m API服务启动成功 8002端口 \u001b[49m\u001b[22m ","timestamp":"2024-03-05 15:35:25"}
{"level":"info","message":"\u001b[1m\u001b[42m 数据库连接成功 \u001b[49m\u001b[22m","timestamp":"2024-03-06 10:12:25"}
{"level":"info","message":"\u001b[1m\u001b[42m API服务启动成功 8002端口 \u001b[49m\u001b[22m ","timestamp":"2024-03-06 10:12:25"}
{"level":"info","message":"\u001b[1m\u001b[42m 数据库连接成功 \u001b[49m\u001b[22m","timestamp":"2024-03-06 10:35:31"}
{"level":"info","message":"\u001b[1m\u001b[42m API服务启动成功 8002端口 \u001b[49m\u001b[22m ","timestamp":"2024-03-06 10:35:31"}
{"level":"info","message":"\u001b[1m\u001b[42m 数据库连接成功 \u001b[49m\u001b[22m","timestamp":"2024-03-06 10:50:40"}
{"level":"info","message":"\u001b[1m\u001b[42m API服务启动成功 8002端口 \u001b[49m\u001b[22m ","timestamp":"2024-03-06 10:50:40"}
{"level":"info","message":"\u001b[1m\u001b[42m 数据库连接成功 \u001b[49m\u001b[22m","timestamp":"2024-03-06 11:04:02"}
{"level":"info","message":"\u001b[1m\u001b[42m API服务启动成功 8002端口 \u001b[49m\u001b[22m ","timestamp":"2024-03-06 11:04:02"}
{"level":"info","message":"\u001b[1m\u001b[42m 数据库连接成功 \u001b[49m\u001b[22m","timestamp":"2024-03-06 15:51:05"}
{"level":"info","message":"\u001b[1m\u001b[42m API服务启动成功 8002端口 \u001b[49m\u001b[22m ","timestamp":"2024-03-06 15:51:05"}
{"level":"info","message":"\u001b[1m\u001b[42m 数据库连接成功 \u001b[49m\u001b[22m","timestamp":"2024-03-08 19:02:48"}
{"level":"info","message":"\u001b[1m\u001b[42m API服务启动成功 8002端口 \u001b[49m\u001b[22m ","timestamp":"2024-03-08 19:02:48"}
{"level":"info","message":"\u001b[1m\u001b[42m 数据库连接成功 \u001b[49m\u001b[22m","timestamp":"2024-03-11 17:25:01"}
{"level":"info","message":"\u001b[1m\u001b[42m API服务启动成功 8002端口 \u001b[49m\u001b[22m ","timestamp":"2024-03-11 17:25:01"}
{"level":"info","message":"\u001b[1m\u001b[42m 数据库连接成功 \u001b[49m\u001b[22m","timestamp":"2024-03-12 17:08:39"}
{"level":"info","message":"\u001b[1m\u001b[42m API服务启动成功 8002端口 \u001b[49m\u001b[22m ","timestamp":"2024-03-12 17:08:39"}
{"level":"info","message":"\u001b[1m\u001b[42m 数据库连接成功 \u001b[49m\u001b[22m","timestamp":"2024-03-12 23:14:52"}
{"level":"info","message":"\u001b[1m\u001b[42m API服务启动成功 8002端口 \u001b[49m\u001b[22m ","timestamp":"2024-03-12 23:14:52"}
{"level":"info","message":"\u001b[1m\u001b[42m 数据库连接成功 \u001b[49m\u001b[22m","timestamp":"2024-03-13 17:45:27"}
{"level":"info","message":"\u001b[1m\u001b[42m API服务启动成功 8002端口 \u001b[49m\u001b[22m ","timestamp":"2024-03-13 17:45:27"}
{"level":"info","message":"\u001b[1m\u001b[42m 数据库连接成功 \u001b[49m\u001b[22m","timestamp":"2024-03-14 17:06:28"}
{"level":"info","message":"\u001b[1m\u001b[42m API服务启动成功 8002端口 \u001b[49m\u001b[22m ","timestamp":"2024-03-14 17:06:28"}
{"level":"error","message":"\u001b[1m\u001b[41m 服务器出错: ER_BAD_DB_ERROR: Unknown database 'fatpaper_user' \u001b[49m\u001b[22m","timestamp":"2024-03-20 13:18:58"}
{"level":"info","message":"\u001b[1m\u001b[42m 数据库连接成功 \u001b[49m\u001b[22m","timestamp":"2024-03-20 13:19:39"}
{"level":"info","message":"\u001b[1m\u001b[42m API服务启动成功 8002端口 \u001b[49m\u001b[22m ","timestamp":"2024-03-20 13:19:39"}
{"level":"info","message":"\u001b[1m\u001b[42m 数据库连接成功 \u001b[49m\u001b[22m","timestamp":"2024-03-20 14:49:53"}
{"level":"info","message":"\u001b[1m\u001b[42m API服务启动成功 8002端口 \u001b[49m\u001b[22m ","timestamp":"2024-03-20 14:49:53"}
{"level":"info","message":"\u001b[1m\u001b[42m 数据库连接成功 \u001b[49m\u001b[22m","timestamp":"2024-03-20 15:03:49"}
{"level":"info","message":"\u001b[1m\u001b[42m API服务启动成功 8002端口 \u001b[49m\u001b[22m ","timestamp":"2024-03-20 15:03:49"}
{"level":"info","message":"\u001b[1m\u001b[42m 数据库连接成功 \u001b[49m\u001b[22m","timestamp":"2024-03-25 21:44:10"}
{"level":"info","message":"\u001b[1m\u001b[42m API服务启动成功 8002端口 \u001b[49m\u001b[22m ","timestamp":"2024-03-25 21:44:10"}
{"level":"info","message":"\u001b[1m\u001b[42m 数据库连接成功 \u001b[49m\u001b[22m","timestamp":"2024-03-27 10:36:42"}
{"level":"info","message":"\u001b[1m\u001b[42m API服务启动成功 8002端口 \u001b[49m\u001b[22m ","timestamp":"2024-03-27 10:36:42"}
{"level":"error","message":"\u001b[1m\u001b[41m 服务器出错: ER_NOT_SUPPORTED_AUTH_MODE: Client does not support authentication protocol requested by server; consider upgrading MySQL client \u001b[49m\u001b[22m","timestamp":"2024-03-29 12:58:20"}
{"level":"error","message":"\u001b[1m\u001b[41m 服务器出错: ER_NOT_SUPPORTED_AUTH_MODE: Client does not support authentication protocol requested by server; consider upgrading MySQL client \u001b[49m\u001b[22m","timestamp":"2024-03-29 13:00:23"}
{"level":"error","message":"\u001b[1m\u001b[41m 服务器出错: ER_NOT_SUPPORTED_AUTH_MODE: Client does not support authentication protocol requested by server; consider upgrading MySQL client \u001b[49m\u001b[22m","timestamp":"2024-03-29 13:11:38"}
{"level":"error","message":"\u001b[1m\u001b[41m 服务器出错: ER_BAD_DB_ERROR: Unknown database 'fatpaper_user' \u001b[49m\u001b[22m","timestamp":"2024-03-29 13:12:58"}
{"level":"info","message":"\u001b[1m\u001b[42m 数据库连接成功 \u001b[49m\u001b[22m","timestamp":"2024-03-29 13:16:36"}
{"level":"info","message":"\u001b[1m\u001b[42m API服务启动成功 8002端口 \u001b[49m\u001b[22m ","timestamp":"2024-03-29 13:16:36"}
{"level":"info","message":"\u001b[1m\u001b[42m 数据库连接成功 \u001b[49m\u001b[22m","timestamp":"2024-03-31 16:05:08"}
{"level":"info","message":"\u001b[1m\u001b[42m API服务启动成功 83端口 \u001b[49m\u001b[22m ","timestamp":"2024-03-31 16:05:08"}
{"level":"info","message":"\u001b[1m\u001b[42m 数据库连接成功 \u001b[49m\u001b[22m","timestamp":"2024-04-02 12:14:02"}
{"level":"info","message":"\u001b[1m\u001b[42m API服务启动成功 83端口 \u001b[49m\u001b[22m ","timestamp":"2024-04-02 12:14:02"}
{"level":"error","message":"\u001b[1m\u001b[41m 服务器出错: \u001b[49m\u001b[22m","timestamp":"2024-06-30 23:00:16"}
{"level":"error","message":"\u001b[1m\u001b[41m 服务器出错: \u001b[49m\u001b[22m","timestamp":"2024-06-30 23:04:42"}
{"level":"error","message":"\u001b[1m\u001b[41m 服务器出错: \u001b[49m\u001b[22m","timestamp":"2024-06-30 23:10:50"}
{"level":"error","message":"\u001b[1m\u001b[41m 服务器出错: \u001b[49m\u001b[22m","timestamp":"2024-06-30 23:11:10"}
{"level":"error","message":"\u001b[1m\u001b[41m 服务器出错: \u001b[49m\u001b[22m","timestamp":"2024-06-30 23:23:42"}
{"level":"info","message":"\u001b[1m\u001b[42m 数据库连接成功 \u001b[49m\u001b[22m","timestamp":"2024-06-30 23:26:39"}
{"level":"info","message":"\u001b[1m\u001b[42m API服务启动成功 83端口 \u001b[49m\u001b[22m ","timestamp":"2024-06-30 23:26:39"}
{"level":"error","message":"\u001b[1m\u001b[41m 服务器出错: \u001b[49m\u001b[22m","timestamp":"2024-07-01 23:54:59"}
{"level":"info","message":"\u001b[1m\u001b[42m 数据库连接成功 \u001b[49m\u001b[22m","timestamp":"2024-07-01 23:58:43"}
{"level":"info","message":"\u001b[1m\u001b[42m API服务启动成功 83端口 \u001b[49m\u001b[22m ","timestamp":"2024-07-01 23:58:43"}
{"level":"info","message":"\u001b[1m\u001b[42m 数据库连接成功 \u001b[49m\u001b[22m","timestamp":"2024-07-02 12:19:05"}
{"level":"info","message":"\u001b[1m\u001b[42m API服务启动成功 83端口 \u001b[49m\u001b[22m ","timestamp":"2024-07-02 12:19:05"}
{"level":"info","message":"\u001b[1m\u001b[42m 数据库连接成功 \u001b[49m\u001b[22m","timestamp":"2024-07-02 19:44:07"}
{"level":"info","message":"\u001b[1m\u001b[42m API服务启动成功 83端口 \u001b[49m\u001b[22m ","timestamp":"2024-07-02 19:44:07"}
{"level":"info","message":"\u001b[1m\u001b[42m 数据库连接成功 \u001b[49m\u001b[22m","timestamp":"2024-07-03 11:36:14"}
{"level":"info","message":"\u001b[1m\u001b[42m API服务启动成功 83端口 \u001b[49m\u001b[22m ","timestamp":"2024-07-03 11:36:14"}
{"level":"info","message":"\u001b[1m\u001b[42m 数据库连接成功 \u001b[49m\u001b[22m","timestamp":"2024-07-03 15:55:33"}
{"level":"info","message":"\u001b[1m\u001b[42m API服务启动成功 83端口 \u001b[49m\u001b[22m ","timestamp":"2024-07-03 15:55:33"}
{"level":"info","message":"\u001b[1m\u001b[42m 数据库连接成功 \u001b[49m\u001b[22m","timestamp":"2024-07-03 18:32:32"}
{"level":"info","message":"\u001b[1m\u001b[42m API服务启动成功 83端口 \u001b[49m\u001b[22m ","timestamp":"2024-07-03 18:32:32"}
{"level":"info","message":"\u001b[1m\u001b[42m 数据库连接成功 \u001b[49m\u001b[22m","timestamp":"2024-07-07 13:34:33"}
{"level":"info","message":"\u001b[1m\u001b[42m API服务启动成功 83端口 \u001b[49m\u001b[22m ","timestamp":"2024-07-07 13:34:33"}
{"level":"info","message":"\u001b[1m\u001b[42m 数据库连接成功 \u001b[49m\u001b[22m","timestamp":"2024-07-08 15:58:06"}
{"level":"info","message":"\u001b[1m\u001b[42m API服务启动成功 83端口 \u001b[49m\u001b[22m ","timestamp":"2024-07-08 15:58:06"}
{"level":"info","message":"\u001b[1m\u001b[42m 数据库连接成功 \u001b[49m\u001b[22m","timestamp":"2024-07-08 21:00:50"}
{"level":"info","message":"\u001b[1m\u001b[42m API服务启动成功 83端口 \u001b[49m\u001b[22m ","timestamp":"2024-07-08 21:00:50"}
{"level":"info","message":"\u001b[1m\u001b[42m 数据库连接成功 \u001b[49m\u001b[22m","timestamp":"2024-07-09 13:16:05"}
{"level":"info","message":"\u001b[1m\u001b[42m API服务启动成功 83端口 \u001b[49m\u001b[22m ","timestamp":"2024-07-09 13:16:05"}
{"level":"info","message":"\u001b[1m\u001b[42m 数据库连接成功 \u001b[49m\u001b[22m","timestamp":"2024-07-09 23:27:44"}
{"level":"info","message":"\u001b[1m\u001b[42m API服务启动成功 83端口 \u001b[49m\u001b[22m ","timestamp":"2024-07-09 23:27:44"}
{"level":"info","message":"\u001b[1m\u001b[42m 数据库连接成功 \u001b[49m\u001b[22m","timestamp":"2024-07-10 12:17:15"}
{"level":"info","message":"\u001b[1m\u001b[42m API服务启动成功 83端口 \u001b[49m\u001b[22m ","timestamp":"2024-07-10 12:17:15"}
{"level":"info","message":"\u001b[1m\u001b[42m 数据库连接成功 \u001b[49m\u001b[22m","timestamp":"2024-07-10 21:48:16"}
{"level":"info","message":"\u001b[1m\u001b[42m API服务启动成功 83端口 \u001b[49m\u001b[22m ","timestamp":"2024-07-10 21:48:16"}
{"level":"info","message":"\u001b[1m\u001b[42m 数据库连接成功 \u001b[49m\u001b[22m","timestamp":"2024-07-11 20:18:52"}
{"level":"info","message":"\u001b[1m\u001b[42m API服务启动成功 83端口 \u001b[49m\u001b[22m ","timestamp":"2024-07-11 20:18:52"}
{"level":"info","message":"\u001b[1m\u001b[42m 数据库连接成功 \u001b[49m\u001b[22m","timestamp":"2024-07-12 00:55:20"}
{"level":"info","message":"\u001b[1m\u001b[42m API服务启动成功 83端口 \u001b[49m\u001b[22m ","timestamp":"2024-07-12 00:55:20"}
{"level":"info","message":"\u001b[1m\u001b[42m 数据库连接成功 \u001b[49m\u001b[22m","timestamp":"2024-07-12 11:03:13"}
{"level":"info","message":"\u001b[1m\u001b[42m API服务启动成功 83端口 \u001b[49m\u001b[22m ","timestamp":"2024-07-12 11:03:13"}
{"level":"info","message":"\u001b[1m\u001b[42m 数据库连接成功 \u001b[49m\u001b[22m","timestamp":"2024-07-12 15:32:51"}
{"level":"info","message":"\u001b[1m\u001b[42m API服务启动成功 83端口 \u001b[49m\u001b[22m ","timestamp":"2024-07-12 15:32:52"}
{"level":"info","message":"\u001b[1m\u001b[42m 数据库连接成功 \u001b[49m\u001b[22m","timestamp":"2024-07-12 22:34:06"}
{"level":"info","message":"\u001b[1m\u001b[42m API服务启动成功 83端口 \u001b[49m\u001b[22m ","timestamp":"2024-07-12 22:34:06"}
{"level":"info","message":"\u001b[1m\u001b[42m 数据库连接成功 \u001b[49m\u001b[22m","timestamp":"2024-07-13 19:38:44"}
{"level":"info","message":"\u001b[1m\u001b[42m API服务启动成功 83端口 \u001b[49m\u001b[22m ","timestamp":"2024-07-13 19:38:44"}
{"level":"info","message":"\u001b[1m\u001b[42m 数据库连接成功 \u001b[49m\u001b[22m","timestamp":"2024-07-14 00:23:24"}
{"level":"info","message":"\u001b[1m\u001b[42m API服务启动成功 83端口 \u001b[49m\u001b[22m ","timestamp":"2024-07-14 00:23:24"}
{"level":"info","message":"\u001b[1m\u001b[42m 数据库连接成功 \u001b[49m\u001b[22m","timestamp":"2024-07-16 15:09:18"}
{"level":"info","message":"\u001b[1m\u001b[42m API服务启动成功 83端口 \u001b[49m\u001b[22m ","timestamp":"2024-07-16 15:09:18"}
{"level":"error","message":"\u001b[1m\u001b[41m 服务器出错: \u001b[49m\u001b[22m","timestamp":"2024-07-17 16:28:58"}
{"level":"error","message":"\u001b[1m\u001b[41m 服务器出错: \u001b[49m\u001b[22m","timestamp":"2024-07-17 16:29:12"}
{"level":"info","message":"\u001b[1m\u001b[42m 数据库连接成功 \u001b[49m\u001b[22m","timestamp":"2024-07-17 16:34:50"}
{"level":"info","message":"\u001b[1m\u001b[42m API服务启动成功 83端口 \u001b[49m\u001b[22m ","timestamp":"2024-07-17 16:34:50"}
{"level":"error","message":"\u001b[1m\u001b[41m 服务器出错: \u001b[49m\u001b[22m","timestamp":"2024-07-17 23:38:01"}
{"level":"info","message":"\u001b[1m\u001b[42m 数据库连接成功 \u001b[49m\u001b[22m","timestamp":"2024-07-17 23:44:37"}
{"level":"info","message":"\u001b[1m\u001b[42m API服务启动成功 83端口 \u001b[49m\u001b[22m ","timestamp":"2024-07-17 23:44:37"}
{"level":"info","message":"\u001b[1m\u001b[42m 数据库连接成功 \u001b[49m\u001b[22m","timestamp":"2024-07-18 00:41:31"}
{"level":"info","message":"\u001b[1m\u001b[42m API服务启动成功 83端口 \u001b[49m\u001b[22m ","timestamp":"2024-07-18 00:41:31"}
{"level":"error","message":"\u001b[1m\u001b[41m 服务器出错: \u001b[49m\u001b[22m","timestamp":"2024-07-19 19:09:06"}
{"level":"error","message":"\u001b[1m\u001b[41m 服务器出错: \u001b[49m\u001b[22m","timestamp":"2024-07-19 19:16:02"}
{"level":"error","message":"\u001b[1m\u001b[41m 服务器出错: \u001b[49m\u001b[22m","timestamp":"2024-07-19 19:27:29"}
{"level":"error","message":"\u001b[1m\u001b[41m 服务器出错: \u001b[49m\u001b[22m","timestamp":"2024-07-19 19:27:56"}
{"level":"error","message":"\u001b[1m\u001b[41m 服务器出错: \u001b[49m\u001b[22m","timestamp":"2024-07-19 19:28:11"}
{"level":"error","message":"\u001b[1m\u001b[41m 服务器出错: \u001b[49m\u001b[22m","timestamp":"2024-07-19 19:28:30"}
{"level":"error","message":"\u001b[1m\u001b[41m 服务器出错: \u001b[49m\u001b[22m","timestamp":"2024-07-19 19:35:43"}
{"level":"error","message":"\u001b[1m\u001b[41m 服务器出错: \u001b[49m\u001b[22m","timestamp":"2024-07-19 19:54:39"}
{"level":"error","message":"\u001b[1m\u001b[41m 服务器出错: \u001b[49m\u001b[22m","timestamp":"2024-07-19 19:55:03"}
{"level":"info","message":"\u001b[1m\u001b[42m 数据库连接成功 \u001b[49m\u001b[22m","timestamp":"2024-07-19 19:58:10"}
{"level":"info","message":"\u001b[1m\u001b[42m API服务启动成功 83端口 \u001b[49m\u001b[22m ","timestamp":"2024-07-19 19:58:10"}
{"level":"info","message":"\u001b[1m\u001b[42m 数据库连接成功 \u001b[49m\u001b[22m","timestamp":"2024-07-19 20:00:10"}
{"level":"info","message":"\u001b[1m\u001b[42m API服务启动成功 83端口 \u001b[49m\u001b[22m ","timestamp":"2024-07-19 20:00:10"}
{"level":"error","message":"\u001b[1m\u001b[41m 服务器出错: \u001b[49m\u001b[22m","timestamp":"2024-07-20 16:30:00"}
{"level":"info","message":"\u001b[1m\u001b[42m 数据库连接成功 \u001b[49m\u001b[22m","timestamp":"2024-07-20 16:42:14"}
{"level":"info","message":"\u001b[1m\u001b[42m API服务启动成功 83端口 \u001b[49m\u001b[22m ","timestamp":"2024-07-20 16:42:14"}
{"level":"error","message":"\u001b[1m\u001b[41m 服务器出错: \u001b[49m\u001b[22m","timestamp":"2024-07-21 16:13:32"}
{"level":"info","message":"\u001b[1m\u001b[42m 数据库连接成功 \u001b[49m\u001b[22m","timestamp":"2024-07-21 16:23:13"}
{"level":"info","message":"\u001b[1m\u001b[42m API服务启动成功 83端口 \u001b[49m\u001b[22m ","timestamp":"2024-07-21 16:23:13"}
{"level":"info","message":"\u001b[1m\u001b[42m 数据库连接成功 \u001b[49m\u001b[22m","timestamp":"2024-07-21 16:31:36"}
{"level":"info","message":"\u001b[1m\u001b[42m API服务启动成功 83端口 \u001b[49m\u001b[22m ","timestamp":"2024-07-21 16:31:36"}
{"level":"info","message":"\u001b[1m\u001b[42m 数据库连接成功 \u001b[49m\u001b[22m","timestamp":"2024-07-21 16:33:31"}
{"level":"info","message":"\u001b[1m\u001b[42m API服务启动成功 83端口 \u001b[49m\u001b[22m ","timestamp":"2024-07-21 16:33:31"}
{"level":"info","message":"\u001b[1m\u001b[42m 数据库连接成功 \u001b[49m\u001b[22m","timestamp":"2024-07-21 16:37:38"}
{"level":"info","message":"\u001b[1m\u001b[42m API服务启动成功 83端口 \u001b[49m\u001b[22m ","timestamp":"2024-07-21 16:37:38"}
{"level":"info","message":"\u001b[1m\u001b[42m 数据库连接成功 \u001b[49m\u001b[22m","timestamp":"2024-07-21 16:59:21"}
{"level":"info","message":"\u001b[1m\u001b[42m API服务启动成功 83端口 \u001b[49m\u001b[22m ","timestamp":"2024-07-21 16:59:21"}
